Log file open, 11/07/19 16:56:32
LogWindows: Failed to load 'aqProf.dll' (GetLastError=126)
LogWindows: File 'aqProf.dll' does not exist
LogWindows: Failed to load 'VtuneApi.dll' (GetLastError=126)
LogWindows: File 'VtuneApi.dll' does not exist
LogWindows: Failed to load 'VtuneApi32e.dll' (GetLastError=126)
LogWindows: File 'VtuneApi32e.dll' does not exist
LogConsoleResponse: Display: Failed to find resolution value strings in scalability ini. Falling back to default.
LogInit: Display: Running engine for game: Union
LogPakFile: Registered encryption key '00000000000000000000000000000000': 0 pak files mounted, 0 remain pending
LogPlatformFile: Not using cached read wrapper
LogTaskGraph: Started task graph with 5 named threads and 35 total threads with 3 sets of task threads.
LogStats: Stats thread started at 0.999662
LogD3D11RHI: Loaded GFSDK_Aftermath_Lib.x64.dll
LogICUInternationalization: ICU TimeZone Detection - Raw Offset: +9:00, Platform Override: ''
LogPluginManager: Mounting plugin Paper2D
LogPluginManager: Mounting plugin AISupport
LogPluginManager: Mounting plugin LightPropagationVolume
LogPluginManager: Mounting plugin ActorLayerUtilities
LogPluginManager: Mounting plugin AnimationSharing
LogPluginManager: Mounting plugin CLionSourceCodeAccess
LogPluginManager: Mounting plugin CodeLiteSourceCodeAccess
LogPluginManager: Mounting plugin GitSourceControl
LogPluginManager: Mounting plugin KDevelopSourceCodeAccess
LogPluginManager: Mounting plugin NullSourceCodeAccess
LogPluginManager: Mounting plugin PerforceSourceControl
LogPluginManager: Mounting plugin SubversionSourceControl
LogPluginManager: Mounting plugin UObjectPlugin
LogPluginManager: Mounting plugin VisualStudioCodeSourceCodeAccess
LogPluginManager: Mounting plugin VisualStudioSourceCodeAccess
LogPluginManager: Mounting plugin XCodeSourceCodeAccess
LogPluginManager: Mounting plugin AssetManagerEditor
LogPluginManager: Mounting plugin CryptoKeys
LogPluginManager: Mounting plugin DataValidation
LogPluginManager: Mounting plugin EditorScriptingUtilities
LogPluginManager: Mounting plugin FacialAnimation
LogPluginManager: Mounting plugin GameplayTagsEditor
LogPluginManager: Mounting plugin GLTFImporter
LogPluginManager: Mounting plugin MacGraphicsSwitching
LogPluginManager: Mounting plugin MaterialAnalyzer
LogPluginManager: Mounting plugin MeshEditor
LogPluginManager: Mounting plugin MobileLauncherProfileWizard
LogPluginManager: Mounting plugin PluginBrowser
LogPluginManager: Mounting plugin SpeedTreeImporter
LogPluginManager: Mounting plugin DatasmithContent
LogPluginManager: Mounting plugin VariantManagerContent
LogPluginManager: Mounting plugin AlembicImporter
LogPluginManager: Mounting plugin AppleImageUtils
LogPluginManager: Mounting plugin AppleVision
LogPluginManager: Mounting plugin BackChannel
LogPluginManager: Mounting plugin BlastPlugin
LogPluginManager: Mounting plugin ChaosSolverPlugin
LogPluginManager: Mounting plugin CharacterAI
LogPluginManager: Mounting plugin GeometryCache
LogPluginManager: Mounting plugin GeometryCollectionPlugin
LogPluginManager: Mounting plugin HTML5Networking
LogPluginManager: Mounting plugin ProxyLODPlugin
LogPluginManager: Mounting plugin SkeletalReduction
LogPluginManager: Mounting plugin MagicLeap
LogPluginManager: Mounting plugin MagicLeapMedia
LogPluginManager: Mounting plugin Substance
LogPluginManager: Mounting plugin AndroidMedia
LogPluginManager: Mounting plugin AvfMedia
LogPluginManager: Mounting plugin ImgMedia
LogPluginManager: Mounting plugin LinearTimecode
LogPluginManager: Mounting plugin MediaCompositing
LogPluginManager: Mounting plugin MediaPlayerEditor
LogPluginManager: Mounting plugin WebMMedia
LogPluginManager: Mounting plugin WmfMedia
LogPluginManager: Mounting plugin TcpMessaging
LogPluginManager: Mounting plugin UdpMessaging
LogPluginManager: Mounting plugin ActorSequence
LogPluginManager: Mounting plugin LevelSequenceEditor
LogPluginManager: Mounting plugin MatineeToLevelSequence
LogPluginManager: Mounting plugin NetcodeUnitTest
LogPluginManager: Mounting plugin NUTUnrealEngine4
LogPluginManager: Mounting plugin OnlineSubsystemGooglePlay
LogPluginManager: Mounting plugin OnlineSubsystemIOS
LogPluginManager: Mounting plugin OnlineSubsystem
LogPluginManager: Mounting plugin OnlineSubsystemNull
LogPluginManager: Mounting plugin OnlineSubsystemUtils
LogPluginManager: Mounting plugin LauncherChunkInstaller
LogPluginManager: Mounting plugin AndroidDeviceProfileSelector
LogPluginManager: Mounting plugin AndroidMoviePlayer
LogPluginManager: Mounting plugin AndroidPermission
LogPluginManager: Mounting plugin AppleMoviePlayer
LogPluginManager: Mounting plugin ArchVisCharacter
LogPluginManager: Mounting plugin AudioCapture
LogPluginManager: Mounting plugin CableComponent
LogPluginManager: Mounting plugin CustomMeshComponent
LogPluginManager: Mounting plugin EditableMesh
LogPluginManager: Mounting plugin ExampleDeviceProfileSelector
LogPluginManager: Mounting plugin Firebase
LogPluginManager: Mounting plugin GoogleCloudMessaging
LogPluginManager: Mounting plugin IOSDeviceProfileSelector
LogPluginManager: Mounting plugin LinuxDeviceProfileSelector
LogPluginManager: Mounting plugin LocationServicesBPLibrary
LogPluginManager: Mounting plugin MobilePatchingUtils
LogPluginManager: Mounting plugin Ansel
LogPluginManager: Mounting plugin OculusVR
LogPluginManager: Mounting plugin PhysXVehicles
LogPluginManager: Mounting plugin ProceduralMeshComponent
LogPluginManager: Mounting plugin RuntimePhysXCooking
LogPluginManager: Mounting plugin SignificanceManager
LogPluginManager: Mounting plugin SteamVR
LogPluginManager: Mounting plugin WebMMoviePlayer
LogPluginManager: Mounting plugin WindowsMoviePlayer
LogPluginManager: Mounting plugin DatasmithCADImporter
LogPluginManager: Mounting plugin DatasmithDataPrepEditor
LogPluginManager: Mounting plugin DatasmithFBXImporter
LogPluginManager: Mounting plugin DatasmithGLTFImporter
LogPluginManager: Mounting plugin DatasmithImporter
LogPluginManager: Mounting plugin MDLImporter
LogPluginManager: Mounting plugin StaticMeshEditorExtension
LogPluginManager: Mounting plugin VariantManager
LogInit: Using libcurl 7.55.1-DEV
LogInit:  - built for x86_64-pc-win32
LogInit:  - supports SSL with OpenSSL/1.1.1
LogInit:  - supports HTTP deflate (compression) using libz 1.2.8
LogInit:  - other features:
LogInit:      CURL_VERSION_SSL
LogInit:      CURL_VERSION_LIBZ
LogInit:      CURL_VERSION_IPV6
LogInit:      CURL_VERSION_ASYNCHDNS
LogInit:      CURL_VERSION_LARGEFILE
LogInit:      CURL_VERSION_IDN
LogInit:  CurlRequestOptions (configurable via config and command line):
LogInit:  - bVerifyPeer = true  - Libcurl will verify peer certificate
LogInit:  - bUseHttpProxy = false  - Libcurl will NOT use HTTP proxy
LogInit:  - bDontReuseConnections = false  - Libcurl will reuse connections
LogInit:  - MaxHostConnections = 16  - Libcurl will limit the number of connections to a host
LogInit:  - LocalHostAddr = Default
LogInit:  - BufferSize = 65536
LogInit: WinSock: version 1.1 (2.2), MaxSocks=32767, MaxUdp=65467
LogAnsel: Tried to load ../../../Engine/Plugins/Runtime/Nvidia/Ansel/Binaries/ThirdParty/AnselSDK64.dll : success=1
LogInit: Build: ++UE4+Release-4.22-CL-7053642
LogInit: Engine Version: 4.22.3-7053642+++UE4+Release-4.22
LogInit: Compatible Engine Version: 4.22.0-5660361+++UE4+Release-4.22
LogInit: Net CL: 5660361
LogInit: OS: Windows 10 (Release 1903) (), CPU: Intel(R) Core(TM) i7-8750H CPU @ 2.20GHz, GPU: Intel(R) UHD Graphics 630
LogInit: Compiled (64-bit): Jun 18 2019 03:09:11
LogInit: Compiled with Visual C++: 19.16.27025.01
LogInit: Build Configuration: Development
LogInit: Branch Name: ++UE4+Release-4.22
LogInit: Command Line: 
LogInit: Base Directory: C:/Program Files/Epic Games/UE_4.22/Engine/Binaries/Win64/
LogInit: Installed Engine Build: 1
LogDevObjectVersion: Number of dev versions registered: 23
LogDevObjectVersion:   Dev-Blueprints (B0D832E4-1F89-4F0D-ACCF-7EB736FD4AA2): 10
LogDevObjectVersion:   Dev-Build (E1C64328-A22C-4D53-A36C-8E866417BD8C): 0
LogDevObjectVersion:   Dev-Core (375EC13C-06E4-48FB-B500-84F0262A717E): 3
LogDevObjectVersion:   Dev-Editor (E4B068ED-F494-42E9-A231-DA0B2E46BB41): 30
LogDevObjectVersion:   Dev-Framework (CFFC743F-43B0-4480-9391-14DF171D2073): 35
LogDevObjectVersion:   Dev-Mobile (B02B49B5-BB20-44E9-A304-32B752E40360): 2
LogDevObjectVersion:   Dev-Networking (A4E4105C-59A1-49B5-A7C5-40C4547EDFEE): 0
LogDevObjectVersion:   Dev-Online (39C831C9-5AE6-47DC-9A44-9C173E1C8E7C): 0
LogDevObjectVersion:   Dev-Physics (78F01B33-EBEA-4F98-B9B4-84EACCB95AA2): 0
LogDevObjectVersion:   Dev-Platform (6631380F-2D4D-43E0-8009-CF276956A95A): 0
LogDevObjectVersion:   Dev-Rendering (12F88B9F-8875-4AFC-A67C-D90C383ABD29): 28
LogDevObjectVersion:   Dev-Sequencer (7B5AE74C-D270-4C10-A958-57980B212A5A): 11
LogDevObjectVersion:   Dev-VR (D7296918-1DD6-4BDD-9DE2-64A83CC13884): 2
LogDevObjectVersion:   Dev-LoadTimes (C2A15278-BFE7-4AFE-6C17-90FF531DF755): 1
LogDevObjectVersion:   Private-Geometry (6EACA3D4-40EC-4CC1-B786-8BED09428FC5): 3
LogDevObjectVersion:   Dev-AnimPhys (29E575DD-E0A3-4627-9D10-D276232CDCEA): 17
LogDevObjectVersion:   Dev-Anim (AF43A65D-7FD3-4947-9873-3E8ED9C1BB05): 2
LogDevObjectVersion:   Dev-ReflectionCapture (6B266CEC-1EC7-4B8F-A30B-E4D90942FC07): 1
LogDevObjectVersion:   Dev-Automation (0DF73D61-A23F-47EA-B727-89E90C41499A): 1
LogDevObjectVersion:   FortniteMain (601D1886-AC64-4F84-AA16-D3DE0DEAC7D6): 25
LogDevObjectVersion:   Dev-Enterprise (9DFFBCD6-494F-0158-E221-12823C92A888): 6
LogDevObjectVersion:   Dev-Niagara (F2AED0AC-9AFE-416F-8664-AA7FFA26D6FC): 1
LogDevObjectVersion:   Dev-Destruction (174F1F0B-B4C6-45A5-B13F-2EE8D0FB917D): 2
LogInit: Presizing for max 16777216 objects, including 0 objects not considered by GC, pre-allocating 0 bytes for permanent pool.
LogInit: Object subsystem initialized
LogConfig: Setting CVar [[con.DebugEarlyDefault:1]]
LogConfig: Setting CVar [[r.setres:1280x720]]
[2019.11.07-07.56.33:176][  0]LogConfig: Setting CVar [[r.VSync:0]]
[2019.11.07-07.56.33:176][  0]LogConfig: Setting CVar [[r.RHICmdBypass:0]]
[2019.11.07-07.56.33:176][  0]LogConfig: Applying CVar settings from Section [/Script/Engine.RendererSettings] File [C:/Users/user/Dropbox/Github Repositories/Union-Project2/Proyecto UE4/Union/Saved/Config/Windows/Engine.ini]
[2019.11.07-07.56.33:176][  0]LogConfig: Setting CVar [[r.GPUCrashDebugging:0]]
[2019.11.07-07.56.33:177][  0]LogConfig: Setting CVar [[r.DefaultFeature.AutoExposure.ExtendDefaultLuminanceRange:1]]
[2019.11.07-07.56.33:177][  0]LogConfig: Setting CVar [[r.GenerateMeshDistanceFields:1]]
[2019.11.07-07.56.33:177][  0]LogConfig: Setting CVar [[r.GBufferFormat:3]]
[2019.11.07-07.56.33:177][  0]LogConfig: Setting CVar [[r.ReflectionCaptureResolution:512]]
[2019.11.07-07.56.33:177][  0]LogConfig: Setting CVar [[r.RayTracing:1]]
[2019.11.07-07.56.33:177][  0]LogConfig: Setting CVar [[r.SkinCache.CompileShaders:1]]
[2019.11.07-07.56.33:177][  0]LogConfig: Applying CVar settings from Section [/Script/Engine.RendererOverrideSettings] File [C:/Users/user/Dropbox/Github Repositories/Union-Project2/Proyecto UE4/Union/Saved/Config/Windows/Engine.ini]
[2019.11.07-07.56.33:177][  0]LogConfig: Applying CVar settings from Section [/Script/Engine.StreamingSettings] File [C:/Users/user/Dropbox/Github Repositories/Union-Project2/Proyecto UE4/Union/Saved/Config/Windows/Engine.ini]
[2019.11.07-07.56.33:177][  0]LogConfig: Setting CVar [[s.MinBulkDataSizeForAsyncLoading:131072]]
[2019.11.07-07.56.33:177][  0]LogConfig: Setting CVar [[s.AsyncLoadingThreadEnabled:0]]
[2019.11.07-07.56.33:177][  0]LogConfig: Setting CVar [[s.EventDrivenLoaderEnabled:1]]
[2019.11.07-07.56.33:177][  0]LogConfig: Setting CVar [[s.WarnIfTimeLimitExceeded:0]]
[2019.11.07-07.56.33:177][  0]LogConfig: Setting CVar [[s.TimeLimitExceededMultiplier:1.5]]
[2019.11.07-07.56.33:177][  0]LogConfig: Setting CVar [[s.TimeLimitExceededMinTime:0.005]]
[2019.11.07-07.56.33:177][  0]LogConfig: Setting CVar [[s.UseBackgroundLevelStreaming:1]]
[2019.11.07-07.56.33:177][  0]LogConfig: Setting CVar [[s.PriorityAsyncLoadingExtraTime:15.0]]
[2019.11.07-07.56.33:177][  0]LogConfig: Setting CVar [[s.LevelStreamingActorsUpdateTimeLimit:5.0]]
[2019.11.07-07.56.33:177][  0]LogConfig: Setting CVar [[s.PriorityLevelStreamingActorsUpdateExtraTime:5.0]]
[2019.11.07-07.56.33:177][  0]LogConfig: Setting CVar [[s.LevelStreamingComponentsRegistrationGranularity:10]]
[2019.11.07-07.56.33:177][  0]LogConfig: Setting CVar [[s.UnregisterComponentsTimeLimit:1.0]]
[2019.11.07-07.56.33:177][  0]LogConfig: Setting CVar [[s.LevelStreamingComponentsUnregistrationGranularity:5]]
[2019.11.07-07.56.33:177][  0]LogConfig: Applying CVar settings from Section [/Script/Engine.GarbageCollectionSettings] File [C:/Users/user/Dropbox/Github Repositories/Union-Project2/Proyecto UE4/Union/Saved/Config/Windows/Engine.ini]
[2019.11.07-07.56.33:177][  0]LogConfig: Setting CVar [[gc.MaxObjectsNotConsideredByGC:1]]
[2019.11.07-07.56.33:177][  0]LogConfig: Setting CVar [[gc.SizeOfPermanentObjectPool:0]]
[2019.11.07-07.56.33:177][  0]LogConfig: Setting CVar [[gc.FlushStreamingOnGC:0]]
[2019.11.07-07.56.33:177][  0]LogConfig: Setting CVar [[gc.NumRetriesBeforeForcingGC:10]]
[2019.11.07-07.56.33:177][  0]LogConfig: Setting CVar [[gc.AllowParallelGC:1]]
[2019.11.07-07.56.33:177][  0]LogConfig: Setting CVar [[gc.TimeBetweenPurgingPendingKillObjects:61.1]]
[2019.11.07-07.56.33:177][  0]LogConfig: Setting CVar [[gc.MaxObjectsInEditor:16777216]]
[2019.11.07-07.56.33:177][  0]LogConfig: Setting CVar [[gc.IncrementalBeginDestroyEnabled:1]]
[2019.11.07-07.56.33:177][  0]LogConfig: Setting CVar [[gc.CreateGCClusters:1]]
[2019.11.07-07.56.33:177][  0]LogConfig: Setting CVar [[gc.MinGCClusterSize:5]]
[2019.11.07-07.56.33:177][  0]LogConfig: Setting CVar [[gc.ActorClusteringEnabled:0]]
[2019.11.07-07.56.33:177][  0]LogConfig: Setting CVar [[gc.BlueprintClusteringEnabled:0]]
[2019.11.07-07.56.33:177][  0]LogConfig: Setting CVar [[gc.UseDisregardForGCOnDedicatedServers:0]]
[2019.11.07-07.56.33:177][  0]LogConfig: Applying CVar settings from Section [/Script/Engine.NetworkSettings] File [C:/Users/user/Dropbox/Github Repositories/Union-Project2/Proyecto UE4/Union/Saved/Config/Windows/Engine.ini]
[2019.11.07-07.56.33:177][  0]LogConfig: Applying CVar settings from Section [/Script/UnrealEd.CookerSettings] File [C:/Users/user/Dropbox/Github Repositories/Union-Project2/Proyecto UE4/Union/Saved/Config/Windows/Engine.ini]
[2019.11.07-07.56.33:182][  0]LogConfig: Applying CVar settings from Section [ViewDistanceQuality@3] File [C:/Users/user/Dropbox/Github Repositories/Union-Project2/Proyecto UE4/Union/Saved/Config/Windows/Scalability.ini]
[2019.11.07-07.56.33:182][  0]LogConfig: Setting CVar [[r.SkeletalMeshLODBias:0]]
[2019.11.07-07.56.33:182][  0]LogConfig: Setting CVar [[r.ViewDistanceScale:1.0]]
[2019.11.07-07.56.33:182][  0]LogConfig: Applying CVar settings from Section [AntiAliasingQuality@3] File [C:/Users/user/Dropbox/Github Repositories/Union-Project2/Proyecto UE4/Union/Saved/Config/Windows/Scalability.ini]
[2019.11.07-07.56.33:182][  0]LogConfig: Setting CVar [[r.PostProcessAAQuality:4]]
[2019.11.07-07.56.33:182][  0]LogConfig: Applying CVar settings from Section [ShadowQuality@3] File [C:/Users/user/Dropbox/Github Repositories/Union-Project2/Proyecto UE4/Union/Saved/Config/Windows/Scalability.ini]
[2019.11.07-07.56.33:182][  0]LogConfig: Setting CVar [[r.LightFunctionQuality:1]]
[2019.11.07-07.56.33:182][  0]LogConfig: Setting CVar [[r.ShadowQuality:5]]
[2019.11.07-07.56.33:182][  0]LogConfig: Setting CVar [[r.Shadow.CSM.MaxCascades:10]]
[2019.11.07-07.56.33:182][  0]LogConfig: Setting CVar [[r.Shadow.MaxResolution:2048]]
[2019.11.07-07.56.33:182][  0]LogConfig: Setting CVar [[r.Shadow.MaxCSMResolution:2048]]
[2019.11.07-07.56.33:182][  0]LogConfig: Setting CVar [[r.Shadow.RadiusThreshold:0.01]]
[2019.11.07-07.56.33:182][  0]LogConfig: Setting CVar [[r.Shadow.DistanceScale:1.0]]
[2019.11.07-07.56.33:182][  0]LogConfig: Setting CVar [[r.Shadow.CSM.TransitionScale:1.0]]
[2019.11.07-07.56.33:182][  0]LogConfig: Setting CVar [[r.Shadow.PreShadowResolutionFactor:1.0]]
[2019.11.07-07.56.33:182][  0]LogConfig: Setting CVar [[r.DistanceFieldShadowing:1]]
[2019.11.07-07.56.33:182][  0]LogConfig: Setting CVar [[r.DistanceFieldAO:1]]
[2019.11.07-07.56.33:182][  0]LogConfig: Setting CVar [[r.AOQuality:2]]
[2019.11.07-07.56.33:182][  0]LogConfig: Setting CVar [[r.VolumetricFog:1]]
[2019.11.07-07.56.33:182][  0]LogConfig: Setting CVar [[r.VolumetricFog.GridPixelSize:8]]
[2019.11.07-07.56.33:182][  0]LogConfig: Setting CVar [[r.VolumetricFog.GridSizeZ:128]]
[2019.11.07-07.56.33:182][  0]LogConfig: Setting CVar [[r.VolumetricFog.HistoryMissSupersampleCount:4]]
[2019.11.07-07.56.33:182][  0]LogConfig: Setting CVar [[r.LightMaxDrawDistanceScale:1]]
[2019.11.07-07.56.33:182][  0]LogConfig: Setting CVar [[r.CapsuleShadows:1]]
[2019.11.07-07.56.33:182][  0]LogConfig: Applying CVar settings from Section [PostProcessQuality@3] File [C:/Users/user/Dropbox/Github Repositories/Union-Project2/Proyecto UE4/Union/Saved/Config/Windows/Scalability.ini]
[2019.11.07-07.56.33:182][  0]LogConfig: Setting CVar [[r.MotionBlurQuality:4]]
[2019.11.07-07.56.33:182][  0]LogConfig: Setting CVar [[r.AmbientOcclusionMipLevelFactor:0.4]]
[2019.11.07-07.56.33:182][  0]LogConfig: Setting CVar [[r.AmbientOcclusionMaxQuality:100]]
[2019.11.07-07.56.33:182][  0]LogConfig: Setting CVar [[r.AmbientOcclusionLevels:-1]]
[2019.11.07-07.56.33:182][  0]LogConfig: Setting CVar [[r.AmbientOcclusionRadiusScale:1.0]]
[2019.11.07-07.56.33:182][  0]LogConfig: Setting CVar [[r.DepthOfFieldQuality:2]]
[2019.11.07-07.56.33:182][  0]LogConfig: Setting CVar [[r.RenderTargetPoolMin:400]]
[2019.11.07-07.56.33:182][  0]LogConfig: Setting CVar [[r.LensFlareQuality:2]]
[2019.11.07-07.56.33:182][  0]LogConfig: Setting CVar [[r.SceneColorFringeQuality:1]]
[2019.11.07-07.56.33:182][  0]LogConfig: Setting CVar [[r.EyeAdaptationQuality:2]]
[2019.11.07-07.56.33:182][  0]LogConfig: Setting CVar [[r.BloomQuality:5]]
[2019.11.07-07.56.33:182][  0]LogConfig: Setting CVar [[r.FastBlurThreshold:100]]
[2019.11.07-07.56.33:182][  0]LogConfig: Setting CVar [[r.Upscale.Quality:3]]
[2019.11.07-07.56.33:182][  0]LogConfig: Setting CVar [[r.Tonemapper.GrainQuantization:1]]
[2019.11.07-07.56.33:182][  0]LogConfig: Setting CVar [[r.LightShaftQuality:1]]
[2019.11.07-07.56.33:182][  0]LogConfig: Setting CVar [[r.Filter.SizeScale:1]]
[2019.11.07-07.56.33:182][  0]LogConfig: Setting CVar [[r.Tonemapper.Quality:5]]
[2019.11.07-07.56.33:182][  0]LogConfig: Setting CVar [[r.DOF.Gather.AccumulatorQuality:1        ; higher gathering accumulator quality]]
[2019.11.07-07.56.33:182][  0]LogConfig: Setting CVar [[r.DOF.Gather.PostfilterMethod:1          ; Median3x3 postfilering method]]
[2019.11.07-07.56.33:182][  0]LogConfig: Setting CVar [[r.DOF.Gather.EnableBokehSettings:0       ; no bokeh simulation when gathering]]
[2019.11.07-07.56.33:182][  0]LogConfig: Setting CVar [[r.DOF.Gather.RingCount:4                 ; medium number of samples when gathering]]
[2019.11.07-07.56.33:182][  0]LogConfig: Setting CVar [[r.DOF.Scatter.ForegroundCompositing:1    ; additive foreground scattering]]
[2019.11.07-07.56.33:182][  0]LogConfig: Setting CVar [[r.DOF.Scatter.BackgroundCompositing:2    ; additive background scattering]]
[2019.11.07-07.56.33:182][  0]LogConfig: Setting CVar [[r.DOF.Scatter.EnableBokehSettings:1      ; bokeh simulation when scattering]]
[2019.11.07-07.56.33:182][  0]LogConfig: Setting CVar [[r.DOF.Scatter.MaxSpriteRatio:0.1         ; only a maximum of 10% of scattered bokeh]]
[2019.11.07-07.56.33:182][  0]LogConfig: Setting CVar [[r.DOF.Recombine.Quality:1                ; cheap slight out of focus]]
[2019.11.07-07.56.33:182][  0]LogConfig: Setting CVar [[r.DOF.Recombine.EnableBokehSettings:0    ; no bokeh simulation on slight out of focus]]
[2019.11.07-07.56.33:182][  0]LogConfig: Setting CVar [[r.DOF.TemporalAAQuality:1                ; more stable temporal accumulation]]
[2019.11.07-07.56.33:182][  0]LogConfig: Setting CVar [[r.DOF.Kernel.MaxForegroundRadius:0.025]]
[2019.11.07-07.56.33:182][  0]LogConfig: Setting CVar [[r.DOF.Kernel.MaxBackgroundRadius:0.025]]
[2019.11.07-07.56.33:182][  0]LogConfig: Applying CVar settings from Section [TextureQuality@3] File [C:/Users/user/Dropbox/Github Repositories/Union-Project2/Proyecto UE4/Union/Saved/Config/Windows/Scalability.ini]
[2019.11.07-07.56.33:182][  0]LogConfig: Setting CVar [[r.Streaming.MipBias:0]]
[2019.11.07-07.56.33:182][  0]LogConfig: Setting CVar [[r.Streaming.AmortizeCPUToGPUCopy:0]]
[2019.11.07-07.56.33:182][  0]LogConfig: Setting CVar [[r.Streaming.MaxNumTexturesToStreamPerFrame:0]]
[2019.11.07-07.56.33:182][  0]LogConfig: Setting CVar [[r.Streaming.Boost:1]]
[2019.11.07-07.56.33:182][  0]LogConfig: Setting CVar [[r.MaxAnisotropy:8]]
[2019.11.07-07.56.33:182][  0]LogConfig: Setting CVar [[r.Streaming.LimitPoolSizeToVRAM:0]]
[2019.11.07-07.56.33:182][  0]LogConfig: Setting CVar [[r.Streaming.PoolSize:1000]]
[2019.11.07-07.56.33:182][  0]LogConfig: Setting CVar [[r.Streaming.MaxEffectiveScreenSize:0]]
[2019.11.07-07.56.33:182][  0]LogConfig: Applying CVar settings from Section [EffectsQuality@3] File [C:/Users/user/Dropbox/Github Repositories/Union-Project2/Proyecto UE4/Union/Saved/Config/Windows/Scalability.ini]
[2019.11.07-07.56.33:182][  0]LogConfig: Setting CVar [[r.TranslucencyLightingVolumeDim:64]]
[2019.11.07-07.56.33:182][  0]LogConfig: Setting CVar [[r.RefractionQuality:2]]
[2019.11.07-07.56.33:182][  0]LogConfig: Setting CVar [[r.SSR.Quality:3]]
[2019.11.07-07.56.33:182][  0]LogConfig: Setting CVar [[r.SceneColorFormat:4]]
[2019.11.07-07.56.33:182][  0]LogConfig: Setting CVar [[r.DetailMode:2]]
[2019.11.07-07.56.33:182][  0]LogConfig: Setting CVar [[r.TranslucencyVolumeBlur:1]]
[2019.11.07-07.56.33:182][  0]LogConfig: Setting CVar [[r.MaterialQualityLevel:1 ; High quality]]
[2019.11.07-07.56.33:183][  0]LogConfig: Setting CVar [[r.SSS.Scale:1]]
[2019.11.07-07.56.33:183][  0]LogConfig: Setting CVar [[r.SSS.SampleSet:2]]
[2019.11.07-07.56.33:183][  0]LogConfig: Setting CVar [[r.SSS.Quality:1]]
[2019.11.07-07.56.33:183][  0]LogConfig: Setting CVar [[r.SSS.HalfRes:1]]
[2019.11.07-07.56.33:183][  0]LogConfig: Setting CVar [[r.EmitterSpawnRateScale:1.0]]
[2019.11.07-07.56.33:183][  0]LogConfig: Setting CVar [[r.ParticleLightQuality:2]]
[2019.11.07-07.56.33:183][  0]LogConfig: Applying CVar settings from Section [FoliageQuality@3] File [C:/Users/user/Dropbox/Github Repositories/Union-Project2/Proyecto UE4/Union/Saved/Config/Windows/Scalability.ini]
[2019.11.07-07.56.33:183][  0]LogConfig: Setting CVar [[foliage.DensityScale:1.0]]
[2019.11.07-07.56.33:183][  0]LogConfig: Setting CVar [[grass.DensityScale:1.0]]
[2019.11.07-07.56.33:183][  0]LogInit: Selected Device Profile: [Windows]
[2019.11.07-07.56.33:183][  0]LogInit: Applying CVar settings loaded from the selected device profile: [Windows]
[2019.11.07-07.56.33:207][  0]LogHAL: Display: Platform has ~ 32 GB [34197495808 / 34359738368 / 32], which maps to Largest [LargestMinGB=32, LargerMinGB=12, DefaultMinGB=8, SmallerMinGB=6, SmallestMinGB=0)
[2019.11.07-07.56.33:207][  0]LogConfig: Setting CVar [[r.Vulkan.UseRealUBs:0		; Required until we fix HLR fall-out]]
[2019.11.07-07.56.33:207][  0]LogInit: Going up to parent DeviceProfile []
[2019.11.07-07.56.33:207][  0]LogConfig: Applying CVar settings from Section [ViewDistanceQuality@Cine] File [C:/Users/user/Dropbox/Github Repositories/Union-Project2/Proyecto UE4/Union/Saved/Config/Windows/Scalability.ini]
[2019.11.07-07.56.33:207][  0]LogConfig: Setting CVar [[r.SkeletalMeshLODBias:0]]
[2019.11.07-07.56.33:208][  0]LogConfig: Setting CVar [[r.ViewDistanceScale:10.0]]
[2019.11.07-07.56.33:208][  0]LogConfig: Applying CVar settings from Section [AntiAliasingQuality@Cine] File [C:/Users/user/Dropbox/Github Repositories/Union-Project2/Proyecto UE4/Union/Saved/Config/Windows/Scalability.ini]
[2019.11.07-07.56.33:208][  0]LogConfig: Setting CVar [[r.PostProcessAAQuality:6]]
[2019.11.07-07.56.33:208][  0]LogConfig: Applying CVar settings from Section [ShadowQuality@Cine] File [C:/Users/user/Dropbox/Github Repositories/Union-Project2/Proyecto UE4/Union/Saved/Config/Windows/Scalability.ini]
[2019.11.07-07.56.33:208][  0]LogConfig: Setting CVar [[r.LightFunctionQuality:1]]
[2019.11.07-07.56.33:208][  0]LogConfig: Setting CVar [[r.ShadowQuality:5]]
[2019.11.07-07.56.33:208][  0]LogConfig: Setting CVar [[r.Shadow.CSM.MaxCascades:10]]
[2019.11.07-07.56.33:208][  0]LogConfig: Setting CVar [[r.Shadow.MaxResolution:4096]]
[2019.11.07-07.56.33:208][  0]LogConfig: Setting CVar [[r.Shadow.MaxCSMResolution:4096]]
[2019.11.07-07.56.33:208][  0]LogConfig: Setting CVar [[r.Shadow.RadiusThreshold:0]]
[2019.11.07-07.56.33:208][  0]LogConfig: Setting CVar [[r.Shadow.DistanceScale:1.0]]
[2019.11.07-07.56.33:208][  0]LogConfig: Setting CVar [[r.Shadow.CSM.TransitionScale:1.0]]
[2019.11.07-07.56.33:208][  0]LogConfig: Setting CVar [[r.Shadow.PreShadowResolutionFactor:1.0]]
[2019.11.07-07.56.33:208][  0]LogConfig: Setting CVar [[r.DistanceFieldShadowing:1]]
[2019.11.07-07.56.33:208][  0]LogConfig: Setting CVar [[r.DistanceFieldAO:1]]
[2019.11.07-07.56.33:208][  0]LogConfig: Setting CVar [[r.AOQuality:2]]
[2019.11.07-07.56.33:208][  0]LogConfig: Setting CVar [[r.VolumetricFog:1]]
[2019.11.07-07.56.33:208][  0]LogConfig: Setting CVar [[r.VolumetricFog.GridPixelSize:4]]
[2019.11.07-07.56.33:208][  0]LogConfig: Setting CVar [[r.VolumetricFog.GridSizeZ:128]]
[2019.11.07-07.56.33:208][  0]LogConfig: Setting CVar [[r.VolumetricFog.HistoryMissSupersampleCount:16]]
[2019.11.07-07.56.33:208][  0]LogConfig: Setting CVar [[r.LightMaxDrawDistanceScale:1]]
[2019.11.07-07.56.33:208][  0]LogConfig: Setting CVar [[r.CapsuleShadows:1]]
[2019.11.07-07.56.33:208][  0]LogConfig: Applying CVar settings from Section [PostProcessQuality@Cine] File [C:/Users/user/Dropbox/Github Repositories/Union-Project2/Proyecto UE4/Union/Saved/Config/Windows/Scalability.ini]
[2019.11.07-07.56.33:208][  0]LogConfig: Setting CVar [[r.MotionBlurQuality:4]]
[2019.11.07-07.56.33:208][  0]LogConfig: Setting CVar [[r.AmbientOcclusionMipLevelFactor:0.4]]
[2019.11.07-07.56.33:208][  0]LogConfig: Setting CVar [[r.AmbientOcclusionMaxQuality:100]]
[2019.11.07-07.56.33:208][  0]LogConfig: Setting CVar [[r.AmbientOcclusionLevels:-1]]
[2019.11.07-07.56.33:208][  0]LogConfig: Setting CVar [[r.AmbientOcclusionRadiusScale:1.0]]
[2019.11.07-07.56.33:208][  0]LogConfig: Setting CVar [[r.DepthOfFieldQuality:4]]
[2019.11.07-07.56.33:208][  0]LogConfig: Setting CVar [[r.RenderTargetPoolMin:1000]]
[2019.11.07-07.56.33:208][  0]LogConfig: Setting CVar [[r.LensFlareQuality:3]]
[2019.11.07-07.56.33:208][  0]LogConfig: Setting CVar [[r.SceneColorFringeQuality:1]]
[2019.11.07-07.56.33:208][  0]LogConfig: Setting CVar [[r.EyeAdaptationQuality:2]]
[2019.11.07-07.56.33:208][  0]LogConfig: Setting CVar [[r.BloomQuality:5]]
[2019.11.07-07.56.33:208][  0]LogConfig: Setting CVar [[r.FastBlurThreshold:100]]
[2019.11.07-07.56.33:208][  0]LogConfig: Setting CVar [[r.Upscale.Quality:3]]
[2019.11.07-07.56.33:208][  0]LogConfig: Setting CVar [[r.Tonemapper.GrainQuantization:1]]
[2019.11.07-07.56.33:208][  0]LogConfig: Setting CVar [[r.LightShaftQuality:1]]
[2019.11.07-07.56.33:208][  0]LogConfig: Setting CVar [[r.Filter.SizeScale:1]]
[2019.11.07-07.56.33:208][  0]LogConfig: Setting CVar [[r.Tonemapper.Quality:5]]
[2019.11.07-07.56.33:208][  0]LogConfig: Setting CVar [[r.DOF.Gather.AccumulatorQuality:1        ; higher gathering accumulator quality]]
[2019.11.07-07.56.33:208][  0]LogConfig: Setting CVar [[r.DOF.Gather.PostfilterMethod:1          ; Median3x3 postfilering method]]
[2019.11.07-07.56.33:208][  0]LogConfig: Setting CVar [[r.DOF.Gather.EnableBokehSettings:1       ; bokeh simulation when gathering]]
[2019.11.07-07.56.33:208][  0]LogConfig: Setting CVar [[r.DOF.Gather.RingCount:5                 ; high number of samples when gathering]]
[2019.11.07-07.56.33:208][  0]LogConfig: Setting CVar [[r.DOF.Scatter.ForegroundCompositing:1    ; additive foreground scattering]]
[2019.11.07-07.56.33:208][  0]LogConfig: Setting CVar [[r.DOF.Scatter.BackgroundCompositing:2    ; background scattering occlusion]]
[2019.11.07-07.56.33:208][  0]LogConfig: Setting CVar [[r.DOF.Scatter.EnableBokehSettings:1      ; no bokeh simulation when scattering]]
[2019.11.07-07.56.33:208][  0]LogConfig: Setting CVar [[r.DOF.Scatter.MaxSpriteRatio:0.1         ; only a maximum of 10% of scattered bokeh]]
[2019.11.07-07.56.33:208][  0]LogConfig: Setting CVar [[r.DOF.Recombine.Quality:2                ; highest slight out of focus]]
[2019.11.07-07.56.33:209][  0]LogConfig: Setting CVar [[r.DOF.Recombine.EnableBokehSettings:1    ; bokeh simulation on slight out of focus]]
[2019.11.07-07.56.33:209][  0]LogConfig: Setting CVar [[r.DOF.TemporalAAQuality:1                ; more stable temporal accumulation]]
[2019.11.07-07.56.33:209][  0]LogConfig: Setting CVar [[r.DOF.Kernel.MaxForegroundRadius:0.025]]
[2019.11.07-07.56.33:209][  0]LogConfig: Setting CVar [[r.DOF.Kernel.MaxBackgroundRadius:0.025]]
[2019.11.07-07.56.33:209][  0]LogConfig: Applying CVar settings from Section [TextureQuality@Cine] File [C:/Users/user/Dropbox/Github Repositories/Union-Project2/Proyecto UE4/Union/Saved/Config/Windows/Scalability.ini]
[2019.11.07-07.56.33:209][  0]LogConfig: Setting CVar [[r.Streaming.MipBias:0]]
[2019.11.07-07.56.33:209][  0]LogConfig: Setting CVar [[r.Streaming.AmortizeCPUToGPUCopy:0]]
[2019.11.07-07.56.33:209][  0]LogConfig: Setting CVar [[r.Streaming.MaxNumTexturesToStreamPerFrame:0]]
[2019.11.07-07.56.33:209][  0]LogConfig: Setting CVar [[r.Streaming.Boost:1]]
[2019.11.07-07.56.33:209][  0]LogConfig: Setting CVar [[r.MaxAnisotropy:8]]
[2019.11.07-07.56.33:209][  0]LogConfig: Setting CVar [[r.Streaming.LimitPoolSizeToVRAM:0]]
[2019.11.07-07.56.33:209][  0]LogConfig: Setting CVar [[r.Streaming.PoolSize:3000]]
[2019.11.07-07.56.33:209][  0]LogConfig: Setting CVar [[r.Streaming.MaxEffectiveScreenSize:0]]
[2019.11.07-07.56.33:209][  0]LogConfig: Applying CVar settings from Section [EffectsQuality@Cine] File [C:/Users/user/Dropbox/Github Repositories/Union-Project2/Proyecto UE4/Union/Saved/Config/Windows/Scalability.ini]
[2019.11.07-07.56.33:209][  0]LogConfig: Setting CVar [[r.TranslucencyLightingVolumeDim:64]]
[2019.11.07-07.56.33:209][  0]LogConfig: Setting CVar [[r.RefractionQuality:2]]
[2019.11.07-07.56.33:209][  0]LogConfig: Setting CVar [[r.SSR.Quality:4]]
[2019.11.07-07.56.33:209][  0]LogConfig: Setting CVar [[r.SceneColorFormat:4]]
[2019.11.07-07.56.33:209][  0]LogConfig: Setting CVar [[r.DetailMode:2]]
[2019.11.07-07.56.33:209][  0]LogConfig: Setting CVar [[r.TranslucencyVolumeBlur:1]]
[2019.11.07-07.56.33:209][  0]LogConfig: Setting CVar [[r.MaterialQualityLevel:1 ; High quality]]
[2019.11.07-07.56.33:209][  0]LogConfig: Setting CVar [[r.SSS.Scale:1]]
[2019.11.07-07.56.33:209][  0]LogConfig: Setting CVar [[r.SSS.SampleSet:2]]
[2019.11.07-07.56.33:209][  0]LogConfig: Setting CVar [[r.SSS.Quality:1]]
[2019.11.07-07.56.33:209][  0]LogConfig: Setting CVar [[r.SSS.HalfRes:0]]
[2019.11.07-07.56.33:209][  0]LogConfig: Setting CVar [[r.EmitterSpawnRateScale:1.0]]
[2019.11.07-07.56.33:209][  0]LogConfig: Setting CVar [[r.ParticleLightQuality:2]]
[2019.11.07-07.56.33:209][  0]LogConfig: Applying CVar settings from Section [FoliageQuality@Cine] File [C:/Users/user/Dropbox/Github Repositories/Union-Project2/Proyecto UE4/Union/Saved/Config/Windows/Scalability.ini]
[2019.11.07-07.56.33:209][  0]LogConfig: Setting CVar [[foliage.DensityScale:1.0]]
[2019.11.07-07.56.33:209][  0]LogConfig: Setting CVar [[grass.DensityScale:1.0]]
[2019.11.07-07.56.33:209][  0]LogConfig: Applying CVar settings from Section [Startup] File [../../../Engine/Config/ConsoleVariables.ini]
[2019.11.07-07.56.33:214][  0]LogConfig: Setting CVar [[net.UseAdaptiveNetUpdateFrequency:0]]
[2019.11.07-07.56.33:214][  0]LogConfig: Setting CVar [[p.chaos.AllowCreatePhysxBodies:1]]
[2019.11.07-07.56.33:214][  0]LogConfig: Setting CVar [[r.LightPropagationVolume:1]]
[2019.11.07-07.56.33:214][  0]LogConfig: Applying CVar settings from Section [ConsoleVariables] File [C:/Users/user/Dropbox/Github Repositories/Union-Project2/Proyecto UE4/Union/Saved/Config/Windows/Engine.ini]
[2019.11.07-07.56.33:215][  0]LogInit: Computer: DESKTOP-BGGG2GK
[2019.11.07-07.56.33:215][  0]LogInit: User: user
[2019.11.07-07.56.33:215][  0]LogInit: CPU Page size=4096, Cores=6
[2019.11.07-07.56.33:215][  0]LogInit: High frequency timer resolution =10.000000 MHz
[2019.11.07-07.56.33:215][  0]LogMemory: Memory total: Physical=31.8GB (32GB approx)
[2019.11.07-07.56.33:215][  0]LogMemory: Platform Memory Stats for Windows
[2019.11.07-07.56.33:215][  0]LogMemory: Process Physical Memory: 99.36 MB used, 99.36 MB peak
[2019.11.07-07.56.33:215][  0]LogMemory: Process Virtual Memory: 98.64 MB used, 98.64 MB peak
[2019.11.07-07.56.33:215][  0]LogMemory: Physical Memory: 7072.00 MB used,  25541.28 MB free, 32613.27 MB total
[2019.11.07-07.56.33:215][  0]LogMemory: Virtual Memory: 4670.07 MB used,  134213056.00 MB free, 134217728.00 MB total
[2019.11.07-07.56.33:470][  0]LogInit: Using OS detected language (en-US).
[2019.11.07-07.56.33:470][  0]LogInit: Using OS detected locale (en-US).
[2019.11.07-07.56.33:471][  0]LogTextLocalizationManager: No specific localization for 'en-US' exists, so the 'en' localization will be used.
[2019.11.07-07.56.33:896][  0]LogSlate: New Slate User Created.  User Index 0, Is Virtual User: 0
[2019.11.07-07.56.33:896][  0]LogSlate: Slate User Registered.  User Index 0, Is Virtual User: 0
[2019.11.07-07.56.36:519][  0]LogD3D12RHI: Aftermath initialized
[2019.11.07-07.56.36:519][  0]LogD3D12RHI: Loading WinPixEventRuntime.dll for PIX profiling (from ../../../Engine/Binaries/ThirdParty/Windows/DirectX/x64).
[2019.11.07-07.56.36:553][  0]LogHMD: Failed to initialize OpenVR with code 110
[2019.11.07-07.56.37:095][  0]LogD3D12RHI: Found D3D12 adapter 0: NVIDIA GeForce RTX 2070 with Max-Q Design (Max supported Feature Level 12_1)
[2019.11.07-07.56.37:095][  0]LogD3D12RHI: Adapter has 8031MB of dedicated video memory, 0MB of dedicated system memory, and 16306MB of shared system memory, 1 output[s]
[2019.11.07-07.56.37:130][  0]LogD3D12RHI: Found D3D12 adapter 1: Intel(R) UHD Graphics 630 (Max supported Feature Level 12_1)
[2019.11.07-07.56.37:130][  0]LogD3D12RHI: Adapter has 128MB of dedicated video memory, 0MB of dedicated system memory, and 16306MB of shared system memory, 0 output[s]
[2019.11.07-07.56.37:148][  0]LogD3D12RHI: Found D3D12 adapter 2: Microsoft Basic Render Driver (Max supported Feature Level 12_1)
[2019.11.07-07.56.37:148][  0]LogD3D12RHI: Adapter has 0MB of dedicated video memory, 0MB of dedicated system memory, and 16306MB of shared system memory, 0 output[s]
[2019.11.07-07.56.37:148][  0]LogD3D12RHI: Forcing D3D12.AsyncDeferredDeletion=0 as a workaround for a deadlock on hybrid NVIDIA+Intel systems.
[2019.11.07-07.56.37:148][  0]LogD3D12RHI: Chosen D3D12 Adapter Id = 0
[2019.11.07-07.56.37:154][  0]LogD3D12RHI: Emitting draw events for PIX profiling.
[2019.11.07-07.56.37:244][  0]LogD3D12RHI: D3D12 ray tracing enabled.
[2019.11.07-07.56.37:244][  0]LogD3D12RHI: The system supports ID3D12Device1.
[2019.11.07-07.56.37:244][  0]LogD3D12RHI: The system supports ID3D12Device2.
[2019.11.07-07.56.37:467][  0]LogD3D12RHI: Display: Not using pipeline state disk cache per r.D3D12.PSO.DiskCache=0
[2019.11.07-07.56.37:467][  0]LogD3D12RHI: Display: Not using driver-optimized pipeline state disk cache per r.D3D12.PSO.DriverOptimizedDiskCache=0
[2019.11.07-07.56.37:467][  0]LogD3D12RHI:     GPU DeviceId: 0x1f10 (for the marketing name, search the web for "GPU Device Id")
[2019.11.07-07.56.37:467][  0]LogWindows: EnumDisplayDevices:
[2019.11.07-07.56.37:468][  0]LogWindows:    0. 'Intel(R) UHD Graphics 630' (P:1 D:1)
[2019.11.07-07.56.37:468][  0]LogWindows:    1. 'Intel(R) UHD Graphics 630' (P:0 D:0)
[2019.11.07-07.56.37:468][  0]LogWindows:    2. 'Intel(R) UHD Graphics 630' (P:0 D:0)
[2019.11.07-07.56.37:468][  0]LogWindows:    3. 'NVIDIA GeForce RTX 2070 with Max-Q Design' (P:0 D:0)
[2019.11.07-07.56.37:469][  0]LogWindows:    4. 'NVIDIA GeForce RTX 2070 with Max-Q Design' (P:0 D:0)
[2019.11.07-07.56.37:469][  0]LogWindows:    5. 'NVIDIA GeForce RTX 2070 with Max-Q Design' (P:0 D:0)
[2019.11.07-07.56.37:469][  0]LogWindows:    6. 'NVIDIA GeForce RTX 2070 with Max-Q Design' (P:0 D:0)
[2019.11.07-07.56.37:469][  0]LogWindows: DebugString: PrimaryIsNotTheChoosenAdapter PrimaryIsNotTheChoosenAdapter PrimaryIsNotTheChoosenAdapter FoundDriverCount:4 
[2019.11.07-07.56.37:469][  0]LogD3D12RHI:     Adapter Name: NVIDIA GeForce RTX 2070 with Max-Q Design
[2019.11.07-07.56.37:469][  0]LogD3D12RHI:   Driver Version: 431.86 (internal:26.21.14.3186, unified:431.86)
[2019.11.07-07.56.37:469][  0]LogD3D12RHI:      Driver Date: 8-27-2019
[2019.11.07-07.56.37:469][  0]LogRHI: Texture pool is 4300 MB (70% of 6143 MB)
[2019.11.07-07.56.37:470][  0]LogD3D12RHI: Async texture creation enabled
[2019.11.07-07.56.37:481][  0]LogRendererCore: FGlobalReadBuffer::InitRHI
[2019.11.07-07.56.37:482][  0]LogRendererCore: FGlobalReadBuffer::InitRHI
[2019.11.07-07.56.37:482][  0]LogRendererCore: FGlobalReadBuffer::InitRHI
[2019.11.07-07.56.38:985][  0]LogTemp: Display: Module 'AllDesktopTargetPlatform' loaded TargetPlatform 'AllDesktop'
[2019.11.07-07.56.38:998][  0]LogTemp: Display: Module 'MacClientTargetPlatform' loaded TargetPlatform 'MacClient'
[2019.11.07-07.56.39:011][  0]LogTemp: Display: Module 'MacNoEditorTargetPlatform' loaded TargetPlatform 'MacNoEditor'
[2019.11.07-07.56.39:024][  0]LogTemp: Display: Module 'MacServerTargetPlatform' loaded TargetPlatform 'MacServer'
[2019.11.07-07.56.39:044][  0]LogTemp: Display: Module 'MacTargetPlatform' loaded TargetPlatform 'Mac'
[2019.11.07-07.56.39:061][  0]LogTemp: Display: Module 'WindowsClientTargetPlatform' loaded TargetPlatform 'WindowsClient'
[2019.11.07-07.56.39:075][  0]LogTemp: Display: Module 'WindowsNoEditorTargetPlatform' loaded TargetPlatform 'WindowsNoEditor'
[2019.11.07-07.56.39:111][  0]LogTemp: Display: Module 'WindowsServerTargetPlatform' loaded TargetPlatform 'WindowsServer'
[2019.11.07-07.56.39:123][  0]LogTemp: Display: Module 'WindowsTargetPlatform' loaded TargetPlatform 'Windows'
[2019.11.07-07.56.39:241][  0]LogTemp: Display: Module 'AndroidTargetPlatform' loaded TargetPlatform 'Android'
[2019.11.07-07.56.39:241][  0]LogTemp: Display: Module 'AndroidTargetPlatform' loaded TargetPlatform 'Android_ASTC'
[2019.11.07-07.56.39:241][  0]LogTemp: Display: Module 'AndroidTargetPlatform' loaded TargetPlatform 'Android_ATC'
[2019.11.07-07.56.39:241][  0]LogTemp: Display: Module 'AndroidTargetPlatform' loaded TargetPlatform 'Android_DXT'
[2019.11.07-07.56.39:241][  0]LogTemp: Display: Module 'AndroidTargetPlatform' loaded TargetPlatform 'Android_ETC1'
[2019.11.07-07.56.39:241][  0]LogTemp: Display: Module 'AndroidTargetPlatform' loaded TargetPlatform 'Android_ETC1a'
[2019.11.07-07.56.39:241][  0]LogTemp: Display: Module 'AndroidTargetPlatform' loaded TargetPlatform 'Android_ETC2'
[2019.11.07-07.56.39:241][  0]LogTemp: Display: Module 'AndroidTargetPlatform' loaded TargetPlatform 'Android_PVRTC'
[2019.11.07-07.56.39:241][  0]LogTemp: Display: Module 'AndroidTargetPlatform' loaded TargetPlatform 'AndroidClient'
[2019.11.07-07.56.39:241][  0]LogTemp: Display: Module 'AndroidTargetPlatform' loaded TargetPlatform 'Android_ASTCClient'
[2019.11.07-07.56.39:241][  0]LogTemp: Display: Module 'AndroidTargetPlatform' loaded TargetPlatform 'Android_ATCClient'
[2019.11.07-07.56.39:241][  0]LogTemp: Display: Module 'AndroidTargetPlatform' loaded TargetPlatform 'Android_DXTClient'
[2019.11.07-07.56.39:241][  0]LogTemp: Display: Module 'AndroidTargetPlatform' loaded TargetPlatform 'Android_ETC1Client'
[2019.11.07-07.56.39:241][  0]LogTemp: Display: Module 'AndroidTargetPlatform' loaded TargetPlatform 'Android_ETC1aClient'
[2019.11.07-07.56.39:241][  0]LogTemp: Display: Module 'AndroidTargetPlatform' loaded TargetPlatform 'Android_ETC2Client'
[2019.11.07-07.56.39:241][  0]LogTemp: Display: Module 'AndroidTargetPlatform' loaded TargetPlatform 'Android_PVRTCClient'
[2019.11.07-07.56.39:241][  0]LogTemp: Display: Module 'AndroidTargetPlatform' loaded TargetPlatform 'Android_Multi'
[2019.11.07-07.56.39:241][  0]LogTemp: Display: Module 'AndroidTargetPlatform' loaded TargetPlatform 'Android_MultiClient'
[2019.11.07-07.56.39:244][  0]LogTemp: Display: Module 'HTML5TargetPlatform' loaded TargetPlatform 'HTML5'
[2019.11.07-07.56.39:301][  0]LogTemp: Display: Module 'IOSTargetPlatform' loaded TargetPlatform 'IOSClient'
[2019.11.07-07.56.39:301][  0]LogTemp: Display: Module 'IOSTargetPlatform' loaded TargetPlatform 'IOS'
[2019.11.07-07.56.39:322][  0]LogTemp: Display: Module 'TVOSTargetPlatform' loaded TargetPlatform 'TVOSClient'
[2019.11.07-07.56.39:322][  0]LogTemp: Display: Module 'TVOSTargetPlatform' loaded TargetPlatform 'TVOS'
[2019.11.07-07.56.39:334][  0]LogTemp: Display: Module 'LinuxClientTargetPlatform' loaded TargetPlatform 'LinuxClient'
[2019.11.07-07.56.39:345][  0]LogTemp: Display: Module 'LinuxNoEditorTargetPlatform' loaded TargetPlatform 'LinuxNoEditor'
[2019.11.07-07.56.39:357][  0]LogTemp: Display: Module 'LinuxServerTargetPlatform' loaded TargetPlatform 'LinuxServer'
[2019.11.07-07.56.39:382][  0]LogTemp: Display: Module 'LinuxTargetPlatform' loaded TargetPlatform 'Linux'
[2019.11.07-07.56.39:437][  0]LogTemp: Display: Module 'LuminTargetPlatform' loaded TargetPlatform 'Lumin'
[2019.11.07-07.56.39:437][  0]LogTemp: Display: Module 'LuminTargetPlatform' loaded TargetPlatform 'LuminClient'
[2019.11.07-07.56.39:437][  0]LogTargetPlatformManager: Display: Building Assets For Windows
[2019.11.07-07.56.39:502][  0]LogAudioDebug: Display: Lib vorbis DLL was dynamically loaded.
[2019.11.07-07.56.39:649][  0]LogShaderCompilers: Guid format shader working directory is -46 characters bigger than the processId version (../../../../../../Users/user/Dropbox/Github Repositories/Union-Project2/Proyecto UE4/Union/Intermediate/Shaders/WorkingDirectory/11180/).
[2019.11.07-07.56.39:649][  0]LogShaderCompilers: Cleaned the shader compiler working directory 'C:/Users/user/AppData/Local/Temp/UnrealShaderWorkingDir/8BC75DB1477C449D091D808DD478B327/'.
[2019.11.07-07.56.39:652][  0]LogXGEController: Cleaning working directory: C:/Users/user/AppData/Local/Temp/UnrealXGEWorkingDir/
[2019.11.07-07.56.39:652][  0]LogXGEController: Cannot use XGE Controller as Incredibuild is not installed on this machine.
[2019.11.07-07.56.39:652][  0]LogShaderCompilers: Cannot use XGE Shader Compiler as Incredibuild is not installed on this machine.
[2019.11.07-07.56.39:652][  0]LogShaderCompilers: Display: Using Local Shader Compiler.
[2019.11.07-07.56.42:324][  0]LogDerivedDataCache: Display: Max Cache Size: 512 MB
[2019.11.07-07.56.42:405][  0]LogDerivedDataCache: Loaded boot cache 0.08s 88MB C:/Users/user/AppData/Local/UnrealEngine/4.22/DerivedDataCache/Boot.ddc.
[2019.11.07-07.56.42:405][  0]LogDerivedDataCache: Display: Loaded Boot cache: C:/Users/user/AppData/Local/UnrealEngine/4.22/DerivedDataCache/Boot.ddc
[2019.11.07-07.56.42:405][  0]LogDerivedDataCache: FDerivedDataBackendGraph:  Pak pak cache file ../../../../../../Users/user/Dropbox/Github Repositories/Union-Project2/Proyecto UE4/Union/DerivedDataCache/DDC.ddp not found, will not use a pak cache.
[2019.11.07-07.56.42:405][  0]LogDerivedDataCache: Unable to find inner node Pak for hierarchical cache Hierarchy.
[2019.11.07-07.56.42:406][  0]LogDerivedDataCache: FDerivedDataBackendGraph:  CompressedPak pak cache file ../../../../../../Users/user/Dropbox/Github Repositories/Union-Project2/Proyecto UE4/Union/DerivedDataCache/Compressed.ddp not found, will not use a pak cache.
[2019.11.07-07.56.42:406][  0]LogDerivedDataCache: Unable to find inner node CompressedPak for hierarchical cache Hierarchy.
[2019.11.07-07.56.42:424][  0]LogDerivedDataCache: Display: Pak cache opened for reading ../../../Engine/DerivedDataCache/Compressed.ddp.
[2019.11.07-07.56.42:432][  0]LogDerivedDataCache: Display: Pak cache opened for reading ../../../Enterprise/DerivedDataCache/Compressed.ddp.
[2019.11.07-07.56.42:444][  0]LogDerivedDataCache: Using Local data cache path C:/Users/user/AppData/Local/UnrealEngine/Common/DerivedDataCache: Writable
[2019.11.07-07.56.42:444][  0]LogDerivedDataCache: Shared data cache path not found in *engine.ini, will not use an Shared cache.
[2019.11.07-07.56.42:444][  0]LogDerivedDataCache: Unable to find inner node Shared for hierarchical cache Hierarchy.
[2019.11.07-07.56.42:492][  0]LogMaterial: Verifying Global Shaders for PCD3D_SM5
[2019.11.07-07.56.42:497][  0]LogSlate: Using FreeType 2.6.0
[2019.11.07-07.56.42:521][  0]LogSlate: SlateFontServices - WITH_FREETYPE: 1, WITH_HARFBUZZ: 1
[2019.11.07-07.56.42:831][  0]LogAssetRegistry: FAssetRegistry took 0.0453 seconds to start up
[2019.11.07-07.56.43:321][  0]LogInit: Selected Device Profile: [Windows]
[2019.11.07-07.56.43:663][  0]LogMeshReduction: Using QuadricMeshReduction for automatic static mesh reduction
[2019.11.07-07.56.43:663][  0]LogMeshReduction: Using SimplygonMeshReduction for automatic skeletal mesh reduction
[2019.11.07-07.56.43:663][  0]LogMeshReduction: Using ProxyLODMeshReduction for automatic mesh merging
[2019.11.07-07.56.43:663][  0]LogMeshReduction: No distributed automatic mesh merging module available
[2019.11.07-07.56.43:664][  0]LogMeshMerging: No distributed automatic mesh merging module available
[2019.11.07-07.56.43:738][  0]LogNetVersion: Union 1.0.0, NetCL: 5660361, EngineNetVer: 10, GameNetVer: 0 (Checksum: 524765613)
[2019.11.07-07.56.45:028][  0]LogPackageLocalizationCache: Processed 16 localized package path(s) for 1 prioritized culture(s) in 0.094169 seconds
[2019.11.07-07.56.45:034][  0]LogUObjectArray: 42249 objects as part of root set at end of initial load.
[2019.11.07-07.56.45:034][  0]LogUObjectAllocator: 7332712 out of 0 bytes used by permanent object pool.
[2019.11.07-07.56.45:034][  0]LogUObjectArray: CloseDisregardForGC: 0/0 objects in disregard for GC pool
[2019.11.07-07.56.48:058][  0]LogD3D12RHI: Display: Root signature created where the root parameters take up 35 DWORDS. Using more than 12 DWORDs can negatively impact performance depending on the hardware and root parameter usage.
[2019.11.07-07.56.48:103][  0]LogD3D12RHI: Creating RTPSO with 3 shaders (0 cached, 3 new) took 45.40 ms. Compile time 16.57 ms, link time 28.73 ms.
[2019.11.07-07.56.48:752][  0]LogSubstanceCoreModule: Substance [CPU] Engine Loaded, Max Texture Size = 2048
[2019.11.07-07.56.48:766][  0]LogTcpMessaging: Initializing TcpMessaging bridge
[2019.11.07-07.56.48:782][  0]LogUdpMessaging: Initializing bridge on interface 0.0.0.0:0 to multicast group 230.0.0.1:6666.
[2019.11.07-07.56.48:948][  0]SourceControl: Source control is disabled
[2019.11.07-07.56.48:948][  0]SourceControl: Source control is disabled
[2019.11.07-07.56.48:956][  0]SourceControl: Source control is disabled
[2019.11.07-07.56.48:961][  0]SourceControl: Source control is disabled
[2019.11.07-07.56.49:029][  0]LogVSAccessor: Display: Unable to create Visual Studio setup instance: 80040154
[2019.11.07-07.56.49:030][  0]LogVSAccessor: Display: Unable to create Visual Studio setup instance: 80040154
[2019.11.07-07.56.49:374][  0]LogAndroidPermission: UAndroidPermissionCallbackProxy::GetInstance
[2019.11.07-07.56.49:458][  0]LogOcInput: OculusInput pre-init called
[2019.11.07-07.56.52:443][  0]LogWindows: Failed to load 'libalias_api.dll' (GetLastError=126)
[2019.11.07-07.56.52:444][  0]LogWindows: File 'libalias_api.dll' does not exist
[2019.11.07-07.56.52:444][  0]LogWindows: Failed to load 'libalias_api.dll' (GetLastError=126)
[2019.11.07-07.56.52:444][  0]LogWindows: File 'libalias_api.dll' does not exist
[2019.11.07-07.56.52:700][  0]LogEngine: Initializing Engine...
[2019.11.07-07.56.52:702][  0]LogHMD: Failed to initialize OpenVR with code 110
[2019.11.07-07.56.52:704][  0]LogStats: UGameplayTagsManager::InitializeManager -  0.001 s
[2019.11.07-07.56.53:126][  0]LogInit: Initializing FReadOnlyCVARCache
[2019.11.07-07.56.53:165][  0]LogAIModule: Creating AISystem for world Untitled
[2019.11.07-07.56.53:194][  0]LogInit: XAudio2 using '스피커 (3- Realtek(R) Audio)' : 2 channels at 48 kHz using 32 bits per sample (channel mask 0x3)
[2019.11.07-07.56.53:319][  0]LogInit: FAudioDevice initialized.
[2019.11.07-07.56.53:319][  0]LogNetVersion: Set ProjectVersion to 1.0.0.0. Version Checksum will be recalculated on next use.
[2019.11.07-07.56.53:369][  0]LogDerivedDataCache: Saved boot cache 0.05s 88MB C:/Users/user/AppData/Local/UnrealEngine/4.22/DerivedDataCache/Boot.ddc.
[2019.11.07-07.56.53:380][  0]LogInit: Texture streaming: Enabled
[2019.11.07-07.56.53:401][  0]LogEngineSessionManager: EngineSessionManager initialized
[2019.11.07-07.56.53:650][  0]LogInit: Transaction tracking system initialized
[2019.11.07-07.56.53:698][  0]BlueprintLog: New page: Editor Load
[2019.11.07-07.56.53:890][  0]LocalizationService: Localization service is disabled
[2019.11.07-07.56.54:096][  0]LogVSAccessor: Display: Unable to create Visual Studio setup instance: 80040154
[2019.11.07-07.56.54:096][  0]LogVSAccessor: Display: Unable to create Visual Studio setup instance: 80040154
[2019.11.07-07.56.54:724][  0]LogCook: Display: Max memory allowance for cook 16384mb min free memory 0mb
[2019.11.07-07.56.54:724][  0]LogCook: Display: Mobile HDR setting 1
[2019.11.07-07.56.54:787][  0]LogFileCache: Scanning file cache for directory 'C:/Users/user/Dropbox/Github Repositories/Union-Project2/Proyecto UE4/Union/Content/' took 0.05s
[2019.11.07-07.56.56:990][  0]SourceControl: Source control is disabled
[2019.11.07-07.56.56:991][  0]Cmd: MAP LOAD FILE="../../../../../../Users/user/Dropbox/Github Repositories/Union-Project2/Proyecto UE4/Union/Content/Island.umap" TEMPLATE=0 SHOWPROGRESS=1 FEATURELEVEL=3
[2019.11.07-07.56.56:991][  0]LightingResults: New page: Lighting Build
[2019.11.07-07.56.56:998][  0]MapCheck: New page: Map Check
[2019.11.07-07.56.56:998][  0]LightingResults: New page: Lighting Build
[2019.11.07-07.56.57:149][  0]LogUObjectHash: Compacting FUObjectHashTables data took   2.45ms
[2019.11.07-07.57.05:650][  0]LogAIModule: Creating AISystem for world Island
[2019.11.07-07.57.07:342][  0]LogD3D12RHI: Display: Root signature created where the root parameters take up 18 DWORDS. Using more than 12 DWORDs can negatively impact performance depending on the hardware and root parameter usage.
[2019.11.07-07.57.07:342][  0]LogD3D12RHI: Display: Root signature created where the root parameters take up 18 DWORDS. Using more than 12 DWORDs can negatively impact performance depending on the hardware and root parameter usage.
[2019.11.07-07.57.07:342][  0]LogD3D12RHI: Display: Root signature created where the root parameters take up 18 DWORDS. Using more than 12 DWORDs can negatively impact performance depending on the hardware and root parameter usage.
[2019.11.07-07.57.07:342][  0]LogD3D12RHI: Display: Root signature created where the root parameters take up 16 DWORDS. Using more than 12 DWORDs can negatively impact performance depending on the hardware and root parameter usage.
[2019.11.07-07.57.07:342][  0]LogD3D12RHI: Display: Root signature created where the root parameters take up 18 DWORDS. Using more than 12 DWORDs can negatively impact performance depending on the hardware and root parameter usage.
[2019.11.07-07.57.07:342][  0]LogD3D12RHI: Display: Root signature created where the root parameters take up 18 DWORDS. Using more than 12 DWORDs can negatively impact performance depending on the hardware and root parameter usage.
[2019.11.07-07.57.07:342][  0]LogD3D12RHI: Display: Root signature created where the root parameters take up 18 DWORDS. Using more than 12 DWORDs can negatively impact performance depending on the hardware and root parameter usage.
[2019.11.07-07.57.07:346][  0]LogEditorServer: Finished looking for orphan Actors (0.000 secs)
[2019.11.07-07.57.07:376][  0]LogUObjectHash: Compacting FUObjectHashTables data took   1.76ms
[2019.11.07-07.57.07:376][  0]Cmd: MAP CHECKDEP NOCLEARLOG
[2019.11.07-07.57.07:377][  0]MapCheck: Map check complete: 0 Error(s), 0 Warning(s), took 0.146ms to complete.
[2019.11.07-07.57.07:377][  0]LogFileHelpers: Loading map 'Island' took 10.386
[2019.11.07-07.57.07:549][  0]LogSlate: Updating window title bar state: overlay mode, drag disabled, window buttons hidden, title bar hidden
[2019.11.07-07.57.07:562][  0]LogSlate: Updating window title bar state: overlay mode, drag disabled, window buttons hidden, title bar hidden
[2019.11.07-07.57.07:569][  0]LogSlate: Updating window title bar state: overlay mode, drag disabled, window buttons hidden, title bar hidden
[2019.11.07-07.57.07:577][  0]LogSlate: Updating window title bar state: overlay mode, drag disabled, window buttons hidden, title bar hidden
[2019.11.07-07.57.07:593][  0]LogCollectionManager: Loaded 0 collections in 0.001755 seconds
[2019.11.07-07.57.07:630][  0]LogFileCache: Scanning file cache for directory 'C:/Users/user/Dropbox/Github Repositories/Union-Project2/Proyecto UE4/Union/Saved/Collections/' took 0.01s
[2019.11.07-07.57.07:630][  0]LogFileCache: Scanning file cache for directory 'C:/Users/user/Dropbox/Github Repositories/Union-Project2/Proyecto UE4/Union/Content/Developers/user/Collections/' took 0.01s
[2019.11.07-07.57.07:630][  0]LogFileCache: Scanning file cache for directory 'C:/Users/user/Dropbox/Github Repositories/Union-Project2/Proyecto UE4/Union/Content/Collections/' took 0.00s
[2019.11.07-07.57.07:630][  0]LogCollectionManager: Rebuilt the GUID cache for 0 collections in 0.000001 seconds
[2019.11.07-07.57.07:642][  0]LogContentBrowser: Native class hierarchy populated in 0.0101 seconds. Added 2879 classes and 735 folders.
[2019.11.07-07.57.07:655][  0]LogContentBrowser: Native class hierarchy updated for 'WidgetCarousel' in 0.0002 seconds. Added 0 classes and 0 folders.
[2019.11.07-07.57.07:665][  0]LogPakFile: Registered encryption key '00000000000000000000000000000000': 0 pak files mounted, 0 remain pending
[2019.11.07-07.57.07:673][  0]LogPakFile: Registered encryption key '00000000000000000000000000000000': 0 pak files mounted, 0 remain pending
[2019.11.07-07.57.07:686][  0]LogPakFile: Registered encryption key '00000000000000000000000000000000': 0 pak files mounted, 0 remain pending
[2019.11.07-07.57.07:692][  0]LogPakFile: Registered encryption key '00000000000000000000000000000000': 0 pak files mounted, 0 remain pending
[2019.11.07-07.57.07:698][  0]LogPakFile: Registered encryption key '00000000000000000000000000000000': 0 pak files mounted, 0 remain pending
[2019.11.07-07.57.07:705][  0]LogPakFile: Registered encryption key '00000000000000000000000000000000': 0 pak files mounted, 0 remain pending
[2019.11.07-07.57.07:710][  0]LogPakFile: Registered encryption key '00000000000000000000000000000000': 0 pak files mounted, 0 remain pending
[2019.11.07-07.57.07:716][  0]LogPakFile: Registered encryption key '00000000000000000000000000000000': 0 pak files mounted, 0 remain pending
[2019.11.07-07.57.07:723][  0]LogPakFile: Registered encryption key '00000000000000000000000000000000': 0 pak files mounted, 0 remain pending
[2019.11.07-07.57.07:729][  0]LogPakFile: Registered encryption key '00000000000000000000000000000000': 0 pak files mounted, 0 remain pending
[2019.11.07-07.57.07:735][  0]LogPakFile: Registered encryption key '00000000000000000000000000000000': 0 pak files mounted, 0 remain pending
[2019.11.07-07.57.07:740][  0]LogPakFile: Registered encryption key '00000000000000000000000000000000': 0 pak files mounted, 0 remain pending
[2019.11.07-07.57.07:746][  0]LogPakFile: Registered encryption key '00000000000000000000000000000000': 0 pak files mounted, 0 remain pending
[2019.11.07-07.57.07:752][  0]LogPakFile: Registered encryption key '00000000000000000000000000000000': 0 pak files mounted, 0 remain pending
[2019.11.07-07.57.07:757][  0]LogPakFile: Registered encryption key '00000000000000000000000000000000': 0 pak files mounted, 0 remain pending
[2019.11.07-07.57.07:763][  0]LogPakFile: Registered encryption key '00000000000000000000000000000000': 0 pak files mounted, 0 remain pending
[2019.11.07-07.57.07:788][  0]LogPakFile: Registered encryption key '00000000000000000000000000000000': 0 pak files mounted, 0 remain pending
[2019.11.07-07.57.07:794][  0]LogPakFile: Registered encryption key '00000000000000000000000000000000': 0 pak files mounted, 0 remain pending
[2019.11.07-07.57.07:800][  0]LogPakFile: Registered encryption key '00000000000000000000000000000000': 0 pak files mounted, 0 remain pending
[2019.11.07-07.57.07:805][  0]LogPakFile: Registered encryption key '00000000000000000000000000000000': 0 pak files mounted, 0 remain pending
[2019.11.07-07.57.07:811][  0]LogPakFile: Registered encryption key '00000000000000000000000000000000': 0 pak files mounted, 0 remain pending
[2019.11.07-07.57.07:817][  0]LogPakFile: Registered encryption key '00000000000000000000000000000000': 0 pak files mounted, 0 remain pending
[2019.11.07-07.57.07:823][  0]LogPakFile: Registered encryption key '00000000000000000000000000000000': 0 pak files mounted, 0 remain pending
[2019.11.07-07.57.07:830][  0]LogPakFile: Registered encryption key '00000000000000000000000000000000': 0 pak files mounted, 0 remain pending
[2019.11.07-07.57.07:837][  0]LogPakFile: Registered encryption key '00000000000000000000000000000000': 0 pak files mounted, 0 remain pending
[2019.11.07-07.57.07:842][  0]LogPakFile: Registered encryption key '00000000000000000000000000000000': 0 pak files mounted, 0 remain pending
[2019.11.07-07.57.07:847][  0]LogPakFile: Registered encryption key '00000000000000000000000000000000': 0 pak files mounted, 0 remain pending
[2019.11.07-07.57.07:853][  0]LogPakFile: Registered encryption key '00000000000000000000000000000000': 0 pak files mounted, 0 remain pending
[2019.11.07-07.57.07:978][  0]LogContentBrowser: Native class hierarchy updated for 'AddContentDialog' in 0.0002 seconds. Added 0 classes and 0 folders.
[2019.11.07-07.57.07:983][  0]LogContentBrowser: Native class hierarchy updated for 'SceneOutliner' in 0.0002 seconds. Added 1 classes and 0 folders.
[2019.11.07-07.57.08:652][  0]LogSlate: Took 0.008340 seconds to synchronously load lazily loaded font '../../../Engine/Content/Slate/Fonts/Roboto-Regular.ttf' (155K)
[2019.11.07-07.57.08:659][  0]LogSlate: Took 0.005827 seconds to synchronously load lazily loaded font '../../../Engine/Content/Slate/Fonts/Roboto-Bold.ttf' (160K)
[2019.11.07-07.57.08:669][  0]LogSlate: Took 0.005840 seconds to synchronously load lazily loaded font '../../../Engine/Content/Editor/Slate/Fonts/FontAwesome.ttf' (139K)
[2019.11.07-07.57.08:800][  0]LogRenderer: Reallocating scene render targets to support 1144x572 Format 10 NumSamples 1 (Frame:1).
[2019.11.07-07.57.08:865][  0]LogStaticMesh: Allocated 512x496x128 distance field atlas = 62.0Mb, with 83 objects containing 49.9Mb backing data
[2019.11.07-07.57.08:908][  0]LogD3D12RHI: Display: Root signature created where the root parameters take up 21 DWORDS. Using more than 12 DWORDs can negatively impact performance depending on the hardware and root parameter usage.
[2019.11.07-07.57.08:927][  0]LogD3D12RHI: Display: Root signature created where the root parameters take up 19 DWORDS. Using more than 12 DWORDs can negatively impact performance depending on the hardware and root parameter usage.
[2019.11.07-07.57.08:932][  0]LogD3D12RHI: Display: Root signature created where the root parameters take up 17 DWORDS. Using more than 12 DWORDs can negatively impact performance depending on the hardware and root parameter usage.
[2019.11.07-07.57.08:938][  0]LogD3D12RHI: Display: Root signature created where the root parameters take up 24 DWORDS. Using more than 12 DWORDs can negatively impact performance depending on the hardware and root parameter usage.
[2019.11.07-07.57.08:948][  0]LogD3D12RHI: Display: Root signature created where the root parameters take up 18 DWORDS. Using more than 12 DWORDs can negatively impact performance depending on the hardware and root parameter usage.
[2019.11.07-07.57.09:204][  0]LogD3D12RHI: Creating RTPSO with 42 shaders (0 cached, 42 new) took 240.47 ms. Compile time 222.26 ms, link time 18.08 ms.
[2019.11.07-07.57.09:237][  0]LogD3D12RHI: Display: Root signature created where the root parameters take up 13 DWORDS. Using more than 12 DWORDs can negatively impact performance depending on the hardware and root parameter usage.
[2019.11.07-07.57.09:240][  0]LogD3D12RHI: Display: Root signature created where the root parameters take up 19 DWORDS. Using more than 12 DWORDs can negatively impact performance depending on the hardware and root parameter usage.
[2019.11.07-07.57.09:243][  0]LogD3D12RHI: Display: Root signature created where the root parameters take up 26 DWORDS. Using more than 12 DWORDs can negatively impact performance depending on the hardware and root parameter usage.
[2019.11.07-07.57.09:250][  0]LogD3D12RHI: Display: Root signature created where the root parameters take up 20 DWORDS. Using more than 12 DWORDs can negatively impact performance depending on the hardware and root parameter usage.
[2019.11.07-07.57.09:263][  0]LogD3D12RHI: Display: Root signature created where the root parameters take up 21 DWORDS. Using more than 12 DWORDs can negatively impact performance depending on the hardware and root parameter usage.
[2019.11.07-07.57.09:268][  0]LogD3D12RHI: Display: Root signature created where the root parameters take up 17 DWORDS. Using more than 12 DWORDs can negatively impact performance depending on the hardware and root parameter usage.
[2019.11.07-07.57.09:306][  0]LogD3D12RHI: Display: Root signature created where the root parameters take up 13 DWORDS. Using more than 12 DWORDs can negatively impact performance depending on the hardware and root parameter usage.
[2019.11.07-07.57.09:328][  0]LogD3D12RHI: Display: Root signature created where the root parameters take up 27 DWORDS. Using more than 12 DWORDs can negatively impact performance depending on the hardware and root parameter usage.
[2019.11.07-07.57.09:333][  0]LogD3D12RHI: Display: Root signature created where the root parameters take up 13 DWORDS. Using more than 12 DWORDs can negatively impact performance depending on the hardware and root parameter usage.
[2019.11.07-07.57.09:337][  0]LogD3D12RHI: Display: Root signature created where the root parameters take up 23 DWORDS. Using more than 12 DWORDs can negatively impact performance depending on the hardware and root parameter usage.
[2019.11.07-07.57.09:343][  0]LogD3D12RHI: Display: Root signature created where the root parameters take up 19 DWORDS. Using more than 12 DWORDs can negatively impact performance depending on the hardware and root parameter usage.
[2019.11.07-07.57.09:351][  0]LogD3D12RHI: Display: Root signature created where the root parameters take up 35 DWORDS. Using more than 12 DWORDs can negatively impact performance depending on the hardware and root parameter usage.
[2019.11.07-07.57.09:376][  0]LogD3D12RHI: Display: Root signature created where the root parameters take up 21 DWORDS. Using more than 12 DWORDs can negatively impact performance depending on the hardware and root parameter usage.
[2019.11.07-07.57.09:382][  0]LogD3D12RHI: Display: Root signature created where the root parameters take up 15 DWORDS. Using more than 12 DWORDs can negatively impact performance depending on the hardware and root parameter usage.
[2019.11.07-07.57.09:385][  0]LogD3D12RHI: Display: Root signature created where the root parameters take up 21 DWORDS. Using more than 12 DWORDs can negatively impact performance depending on the hardware and root parameter usage.
[2019.11.07-07.57.09:393][  0]LogD3D12RHI: Display: Root signature created where the root parameters take up 25 DWORDS. Using more than 12 DWORDs can negatively impact performance depending on the hardware and root parameter usage.
[2019.11.07-07.57.09:482][  0]LogD3D12RHI: Display: Root signature created where the root parameters take up 15 DWORDS. Using more than 12 DWORDs can negatively impact performance depending on the hardware and root parameter usage.
[2019.11.07-07.57.09:530][  0]LogD3D12RHI: Display: Root signature created where the root parameters take up 13 DWORDS. Using more than 12 DWORDs can negatively impact performance depending on the hardware and root parameter usage.
[2019.11.07-07.57.09:533][  0]LogD3D12RHI: Display: Root signature created where the root parameters take up 19 DWORDS. Using more than 12 DWORDs can negatively impact performance depending on the hardware and root parameter usage.
[2019.11.07-07.57.09:548][  0]LogD3D12RHI: Display: Root signature created where the root parameters take up 15 DWORDS. Using more than 12 DWORDs can negatively impact performance depending on the hardware and root parameter usage.
[2019.11.07-07.57.09:644][  0]LogSlate: Took 0.005113 seconds to synchronously load lazily loaded font '../../../Engine/Content/Slate/Fonts/Roboto-Light.ttf' (167K)
[2019.11.07-07.57.09:815][  0]LogContentBrowser: Native class hierarchy updated for 'HierarchicalLODOutliner' in 0.0002 seconds. Added 0 classes and 0 folders.
[2019.11.07-07.57.09:815][  0]LogLoad: (Engine Initialization) Total time: 41.58 seconds
[2019.11.07-07.57.09:815][  0]LogLoad: (Engine Initialization) Total Blueprint compile time: 0.00 seconds
[2019.11.07-07.57.09:888][  0]LogAssetRegistry: Asset discovery search completed in 27.0850 seconds
[2019.11.07-07.57.09:890][  0]LogCollectionManager: Rebuilt the object cache for 0 collections in 0.000000 seconds (found 0 objects)
[2019.11.07-07.57.09:890][  0]LogCollectionManager: Fixed up redirectors for 0 collections in 0.000059 seconds (updated 0 objects)
[2019.11.07-07.57.09:894][  0]LogContentStreaming: Texture pool size now 3000 MB
[2019.11.07-07.57.09:963][  1]LogSubstanceLiveLink: Warning: Unable to send data along socket, closing connection
[2019.11.07-07.57.15:190][ 16]LogFileCache: Retrieving MD5 hashes for directory 'C:/Users/user/Dropbox/Github Repositories/Union-Project2/Proyecto UE4/Union/Content/' took 5.34s
[2019.11.07-07.58.25:484][229]LogD3D12RHI: Creating RTPSO with 42 shaders (42 cached, 0 new) took 12.53 ms. Compile time 0.00 ms, link time 12.44 ms.
[2019.11.07-07.58.25:522][229]LogD3D12RHI: Display: Root signature created where the root parameters take up 17 DWORDS. Using more than 12 DWORDs can negatively impact performance depending on the hardware and root parameter usage.
[2019.11.07-07.58.25:522][229]LogD3D12RHI: Display: Root signature created where the root parameters take up 39 DWORDS. Using more than 12 DWORDs can negatively impact performance depending on the hardware and root parameter usage.
[2019.11.07-07.58.25:522][229]LogD3D12RHI: Display: Root signature created where the root parameters take up 27 DWORDS. Using more than 12 DWORDs can negatively impact performance depending on the hardware and root parameter usage.
[2019.11.07-07.58.25:522][229]LogD3D12RHI: Display: Root signature created where the root parameters take up 29 DWORDS. Using more than 12 DWORDs can negatively impact performance depending on the hardware and root parameter usage.
[2019.11.07-07.58.25:560][229]LogD3D12RHI: Display: Root signature created where the root parameters take up 23 DWORDS. Using more than 12 DWORDs can negatively impact performance depending on the hardware and root parameter usage.
[2019.11.07-07.58.25:578][229]LogD3D12RHI: Display: Root signature created where the root parameters take up 25 DWORDS. Using more than 12 DWORDs can negatively impact performance depending on the hardware and root parameter usage.
[2019.11.07-07.58.26:021][232]LogD3D12RHI: Display: Root signature created where the root parameters take up 29 DWORDS. Using more than 12 DWORDs can negatively impact performance depending on the hardware and root parameter usage.
[2019.11.07-07.58.26:021][232]LogD3D12RHI: Display: Root signature created where the root parameters take up 15 DWORDS. Using more than 12 DWORDs can negatively impact performance depending on the hardware and root parameter usage.
[2019.11.07-07.58.26:021][232]LogD3D12RHI: Display: Root signature created where the root parameters take up 21 DWORDS. Using more than 12 DWORDs can negatively impact performance depending on the hardware and root parameter usage.
[2019.11.07-07.58.26:021][232]LogD3D12RHI: Display: Root signature created where the root parameters take up 23 DWORDS. Using more than 12 DWORDs can negatively impact performance depending on the hardware and root parameter usage.
[2019.11.07-07.58.26:021][232]LogD3D12RHI: Display: Root signature created where the root parameters take up 17 DWORDS. Using more than 12 DWORDs can negatively impact performance depending on the hardware and root parameter usage.
[2019.11.07-07.58.26:021][232]LogD3D12RHI: Display: Root signature created where the root parameters take up 23 DWORDS. Using more than 12 DWORDs can negatively impact performance depending on the hardware and root parameter usage.
[2019.11.07-07.58.51:500][988]LogSlate: FSceneViewport::OnFocusLost() reason 0
[2019.11.07-13.34.08:055][154]LogWindowsTextInputMethodSystem: Display: IME system now deactivated.
[2019.11.07-13.34.08:055][154]LogWindowsTextInputMethodSystem: Display: IME system now deactivated.
[2019.11.07-15.05.53:285][778]LogUObjectHash: Compacting FUObjectHashTables data took   0.69ms
[2019.11.07-15.05.53:360][778]LogSlate: Window 'Union - Unreal Editor' being destroyed
[2019.11.07-15.05.53:548][779]Cmd: QUIT_EDITOR
[2019.11.07-15.05.53:589][779]LogWindowsTextInputMethodSystem: Display: IME system now deactivated.
[2019.11.07-15.05.53:601][779]LogExit: Preparing to exit.
[2019.11.07-15.05.54:057][779]LogExit: Editor shut down
[2019.11.07-15.05.54:057][779]LogExit: Transaction tracking system shut down
[2019.11.07-15.05.54:332][779]LogExit: Object subsystem successfully closed.
[2019.11.07-15.05.54:361][779]LogShaderCompilers: Display: Shaders left to compile 0
[2019.11.07-15.05.54:370][779]LogRendererCore: FGlobalReadBuffer::ReleaseRHI
[2019.11.07-15.05.54:370][779]LogRendererCore: FGlobalDynamicReadBuffer::Cleanup()
[2019.11.07-15.05.54:370][779]LogRendererCore: FGlobalReadBuffer::ReleaseRHI
[2019.11.07-15.05.54:370][779]LogRendererCore: FGlobalDynamicReadBuffer::Cleanup()
[2019.11.07-15.05.54:370][779]LogRendererCore: FGlobalReadBuffer::ReleaseRHI
[2019.11.07-15.05.54:370][779]LogRendererCore: FGlobalDynamicReadBuffer::Cleanup()
[2019.11.07-15.05.54:459][779]LogD3D12RHI: ~FD3D12DynamicRHI
[2019.11.07-15.05.54:491][779]LogModuleManager: Shutting down and abandoning module HierarchicalLODOutliner (696)
[2019.11.07-15.05.54:491][779]LogModuleManager: Shutting down and abandoning module SceneOutliner (694)
[2019.11.07-15.05.54:491][779]LogModuleManager: Shutting down and abandoning module AddContentDialog (692)
[2019.11.07-15.05.54:491][779]LogModuleManager: Shutting down and abandoning module WidgetCarousel (691)
[2019.11.07-15.05.54:491][779]LogModuleManager: Shutting down and abandoning module EditorWidgets (688)
[2019.11.07-15.05.54:491][779]LogModuleManager: Shutting down and abandoning module CollectionManager (686)
[2019.11.07-15.05.54:491][779]LogModuleManager: Shutting down and abandoning module StatsViewer (684)
[2019.11.07-15.05.54:492][779]LogModuleManager: Shutting down and abandoning module FoliageEdit (682)
[2019.11.07-15.05.54:492][779]LogModuleManager: Shutting down and abandoning module LandscapeEditor (680)
[2019.11.07-15.05.54:493][779]LogModuleManager: Shutting down and abandoning module MeshPaintMode (678)
[2019.11.07-15.05.54:493][779]LogModuleManager: Shutting down and abandoning module SceneDepthPickerMode (676)
[2019.11.07-15.05.54:493][779]LogModuleManager: Shutting down and abandoning module ActorPickerMode (674)
[2019.11.07-15.05.54:493][779]LogModuleManager: Shutting down and abandoning module GeometryMode (672)
[2019.11.07-15.05.54:493][779]LogModuleManager: Shutting down and abandoning module TextureAlignMode (670)
[2019.11.07-15.05.54:493][779]LogModuleManager: Shutting down and abandoning module BspMode (668)
[2019.11.07-15.05.54:493][779]LogModuleManager: Shutting down and abandoning module PIEPreviewDeviceProfileSelector (666)
[2019.11.07-15.05.54:493][779]LogModuleManager: Shutting down and abandoning module SequenceRecorderSections (664)
[2019.11.07-15.05.54:493][779]LogModuleManager: Shutting down and abandoning module AutomationWorker (662)
[2019.11.07-15.05.54:493][779]LogModuleManager: Shutting down and abandoning module DatasmithFBXImporter (660)
[2019.11.07-15.05.54:494][779]LogModuleManager: Shutting down and abandoning module DatasmithDeltaGenImporter (658)
[2019.11.07-15.05.54:494][779]LogModuleManager: Shutting down and abandoning module DatasmithVREDImporter (656)
[2019.11.07-15.05.54:494][779]LogModuleManager: Shutting down and abandoning module OculusMR (654)
[2019.11.07-15.05.54:494][779]LogModuleManager: Shutting down and abandoning module AudioCaptureEditor (652)
[2019.11.07-15.05.54:494][779]LogModuleManager: Shutting down and abandoning module MatineeToLevelSequence (650)
[2019.11.07-15.05.54:494][779]LogModuleManager: Shutting down and abandoning module LevelSequenceEditor (648)
[2019.11.07-15.05.54:494][779]LogModuleManager: Shutting down and abandoning module PlacementMode (647)
[2019.11.07-15.05.54:494][779]LogModuleManager: Shutting down and abandoning module MaterialEditor (646)
[2019.11.07-15.05.54:495][779]LogModuleManager: Shutting down and abandoning module ActorSequenceEditor (642)
[2019.11.07-15.05.54:496][779]LogModuleManager: Shutting down and abandoning module WmfMediaFactory (640)
[2019.11.07-15.05.54:496][779]LogModuleManager: Shutting down and abandoning module WmfMediaEditor (638)
[2019.11.07-15.05.54:496][779]LogModuleManager: Shutting down and abandoning module WebMMediaFactory (636)
[2019.11.07-15.05.54:496][779]LogModuleManager: Shutting down and abandoning module WebMMediaEditor (634)
[2019.11.07-15.05.54:496][779]LogModuleManager: Shutting down and abandoning module WebMMedia (632)
[2019.11.07-15.05.54:496][779]LogModuleManager: Shutting down and abandoning module MediaPlayerEditor (630)
[2019.11.07-15.05.54:496][779]LogModuleManager: Shutting down and abandoning module MediaCompositingEditor (628)
[2019.11.07-15.05.54:496][779]LogModuleManager: Shutting down and abandoning module SequenceRecorder (627)
[2019.11.07-15.05.54:496][779]LogModuleManager: Shutting down and abandoning module OpenExrWrapper (624)
[2019.11.07-15.05.54:496][779]LogModuleManager: Shutting down and abandoning module ImgMediaFactory (622)
[2019.11.07-15.05.54:496][779]LogModuleManager: Shutting down and abandoning module ImgMediaEditor (620)
[2019.11.07-15.05.54:496][779]LogModuleManager: Shutting down and abandoning module AvfMediaFactory (618)
[2019.11.07-15.05.54:496][779]LogModuleManager: Shutting down and abandoning module AvfMediaEditor (616)
[2019.11.07-15.05.54:496][779]LogModuleManager: Shutting down and abandoning module AndroidMediaFactory (614)
[2019.11.07-15.05.54:496][779]LogModuleManager: Shutting down and abandoning module AndroidMediaEditor (612)
[2019.11.07-15.05.54:496][779]LogModuleManager: Shutting down and abandoning module MagicLeapCameraPreviewFactory (610)
[2019.11.07-15.05.54:496][779]LogModuleManager: Shutting down and abandoning module MagicLeapMediaCodecFactory (608)
[2019.11.07-15.05.54:496][779]LogModuleManager: Shutting down and abandoning module MagicLeapMediaFactory (606)
[2019.11.07-15.05.54:496][779]LogModuleManager: Shutting down and abandoning module MagicLeapMediaEditor (604)
[2019.11.07-15.05.54:496][779]LogModuleManager: Shutting down and abandoning module CharacterAI (602)
[2019.11.07-15.05.54:496][779]LogModuleManager: Shutting down and abandoning module SmartSnapping (600)
[2019.11.07-15.05.54:496][779]LogModuleManager: Shutting down and abandoning module SessionServices (598)
[2019.11.07-15.05.54:496][779]LogModuleManager: Shutting down and abandoning module MeshPaint (596)
[2019.11.07-15.05.54:496][779]LogModuleManager: Shutting down and abandoning module ViewportSnapping (594)
[2019.11.07-15.05.54:496][779]LogModuleManager: Shutting down and abandoning module ViewportInteraction (592)
[2019.11.07-15.05.54:496][779]LogModuleManager: Shutting down and abandoning module ClothPainter (590)
[2019.11.07-15.05.54:497][779]LogModuleManager: Shutting down and abandoning module SkeletalMeshEditor (589)
[2019.11.07-15.05.54:498][779]LogModuleManager: Shutting down and abandoning module LogVisualizer (586)
[2019.11.07-15.05.54:498][779]LogModuleManager: Shutting down and abandoning module IntroTutorials (584)
[2019.11.07-15.05.54:498][779]LogModuleManager: Shutting down and abandoning module GameProjectGeneration (583)
[2019.11.07-15.05.54:498][779]LogModuleManager: Shutting down and abandoning module LuminPlatformEditor (580)
[2019.11.07-15.05.54:498][779]LogModuleManager: Shutting down and abandoning module IOSPlatformEditor (578)
[2019.11.07-15.05.54:498][779]LogModuleManager: Shutting down and abandoning module HTML5PlatformEditor (576)
[2019.11.07-15.05.54:498][779]LogModuleManager: Shutting down and abandoning module AndroidPlatformEditor (574)
[2019.11.07-15.05.54:498][779]LogModuleManager: Shutting down and abandoning module AndroidDeviceDetection (573)
[2019.11.07-15.05.55:720][779]LogModuleManager: Shutting down and abandoning module WindowsPlatformEditor (570)
[2019.11.07-15.05.55:720][779]LogModuleManager: Shutting down and abandoning module LuminRuntimeSettings (568)
[2019.11.07-15.05.55:720][779]LogModuleManager: Shutting down and abandoning module IOSRuntimeSettings (566)
[2019.11.07-15.05.55:720][779]LogModuleManager: Shutting down and abandoning module AndroidRuntimeSettings (564)
[2019.11.07-15.05.55:720][779]LogModuleManager: Shutting down and abandoning module TimeManagementEditor (562)
[2019.11.07-15.05.55:720][779]LogModuleManager: Shutting down and abandoning module InputBindingEditor (560)
[2019.11.07-15.05.55:721][779]LogModuleManager: Shutting down and abandoning module MergeActors (558)
[2019.11.07-15.05.55:721][779]LogModuleManager: Shutting down and abandoning module LocalizationDashboard (556)
[2019.11.07-15.05.55:721][779]LogModuleManager: Shutting down and abandoning module LocalizationService (555)
[2019.11.07-15.05.55:721][779]LogModuleManager: Shutting down and abandoning module HardwareTargeting (552)
[2019.11.07-15.05.55:721][779]LogModuleManager: Shutting down and abandoning module DeviceProfileEditor (550)
[2019.11.07-15.05.55:721][779]LogModuleManager: Shutting down and abandoning module UndoHistory (548)
[2019.11.07-15.05.55:721][779]LogModuleManager: Shutting down and abandoning module XmlParser (546)
[2019.11.07-15.05.55:721][779]LogModuleManager: Shutting down and abandoning module Blutility (544)
[2019.11.07-15.05.55:721][779]LogModuleManager: Shutting down and abandoning module ProjectSettingsViewer (542)
[2019.11.07-15.05.55:721][779]LogModuleManager: Shutting down and abandoning module ProjectTargetPlatformEditor (541)
[2019.11.07-15.05.55:721][779]LogModuleManager: Shutting down and abandoning module EditorSettingsViewer (538)
[2019.11.07-15.05.55:721][779]LogModuleManager: Shutting down and abandoning module SettingsEditor (536)
[2019.11.07-15.05.55:721][779]LogModuleManager: Shutting down and abandoning module ProjectLauncher (534)
[2019.11.07-15.05.55:722][779]LogModuleManager: Shutting down and abandoning module SessionFrontend (532)
[2019.11.07-15.05.55:722][779]LogModuleManager: Shutting down and abandoning module ProfilerClient (530)
[2019.11.07-15.05.55:722][779]LogModuleManager: Shutting down and abandoning module DeviceManager (528)
[2019.11.07-15.05.55:722][779]LogModuleManager: Shutting down and abandoning module TargetDeviceServices (527)
[2019.11.07-15.05.55:766][779]LogModuleManager: Shutting down and abandoning module AutomationController (524)
[2019.11.07-15.05.55:766][779]LogModuleManager: Shutting down and abandoning module AutomationWindow (522)
[2019.11.07-15.05.55:766][779]LogModuleManager: Shutting down and abandoning module Layers (520)
[2019.11.07-15.05.55:767][779]LogModuleManager: Shutting down and abandoning module ComponentVisualizers (518)
[2019.11.07-15.05.55:767][779]LogModuleManager: Shutting down and abandoning module DetailCustomizations (516)
[2019.11.07-15.05.55:768][779]LogModuleManager: Shutting down and abandoning module PackagesDialog (514)
[2019.11.07-15.05.55:768][779]LogModuleManager: Shutting down and abandoning module AnimationBlueprintEditor (512)
[2019.11.07-15.05.55:769][779]LogModuleManager: Shutting down and abandoning module Persona (510)
[2019.11.07-15.05.55:769][779]LogModuleManager: Shutting down and abandoning module AnimGraph (509)
[2019.11.07-15.05.55:769][779]LogModuleManager: Shutting down and abandoning module Kismet (506)
[2019.11.07-15.05.55:770][779]LogModuleManager: Shutting down and abandoning module GraphEditor (504)
[2019.11.07-15.05.55:771][779]LogModuleManager: Shutting down and abandoning module ClassViewer (502)
[2019.11.07-15.05.55:771][779]LogModuleManager: Shutting down and abandoning module Toolbox (500)
[2019.11.07-15.05.55:771][779]LogModuleManager: Shutting down and abandoning module ModuleUI (498)
[2019.11.07-15.05.55:771][779]LogModuleManager: Shutting down and abandoning module MovieSceneTools (496)
[2019.11.07-15.05.55:772][779]LogModuleManager: Shutting down and abandoning module OutputLog (494)
[2019.11.07-15.05.55:772][779]LogModuleManager: Shutting down and abandoning module GammaUI (492)
[2019.11.07-15.05.55:772][779]LogModuleManager: Shutting down and abandoning module Documentation (490)
[2019.11.07-15.05.55:772][779]LogModuleManager: Shutting down and abandoning module LiveCoding (488)
[2019.11.07-15.05.55:772][779]LogModuleManager: Shutting down and abandoning module LevelSequence (486)
[2019.11.07-15.05.55:772][779]LogModuleManager: Shutting down and abandoning module MovieSceneTracks (484)
[2019.11.07-15.05.55:772][779]LogModuleManager: Shutting down and abandoning module MovieScene (482)
[2019.11.07-15.05.55:772][779]LogModuleManager: Shutting down and abandoning module StreamingPauseRendering (480)
[2019.11.07-15.05.55:772][779]LogModuleManager: Shutting down and abandoning module LauncherPlatform (478)
[2019.11.07-15.05.55:772][779]LogModuleManager: Shutting down and abandoning module AnalyticsET (476)
[2019.11.07-15.05.55:772][779]LogModuleManager: Shutting down and abandoning module PortalServices (474)
[2019.11.07-15.05.55:772][779]LogModuleManager: Shutting down and abandoning module PortalRpc (472)
[2019.11.07-15.05.55:772][779]LogModuleManager: Shutting down and abandoning module MessagingRpc (470)
[2019.11.07-15.05.55:772][779]LogModuleManager: Shutting down and abandoning module AIModule (468)
[2019.11.07-15.05.55:772][779]LogModuleManager: Shutting down and abandoning module GameplayDebugger (467)
[2019.11.07-15.05.55:772][779]LogModuleManager: Shutting down and abandoning module AITestSuite (465)
[2019.11.07-15.05.55:772][779]LogModuleManager: Shutting down and abandoning module NavigationSystem (463)
[2019.11.07-15.05.55:772][779]LogModuleManager: Shutting down and abandoning module DesktopPlatform (460)
[2019.11.07-15.05.55:772][779]LogModuleManager: Shutting down and abandoning module ImageWriteQueue (458)
[2019.11.07-15.05.55:775][779]LogModuleManager: Shutting down and abandoning module ProfilerService (456)
[2019.11.07-15.05.55:899][779]LogModuleManager: Shutting down and abandoning module TaskGraph (454)
[2019.11.07-15.05.55:900][779]LogModuleManager: Shutting down and abandoning module DatasmithCADImporter (452)
[2019.11.07-15.05.55:901][779]LogModuleManager: Shutting down and abandoning module SubstanceLiveLink (450)
[2019.11.07-15.05.55:901][779]LogModuleManager: Shutting down and abandoning module SubstanceSource (448)
[2019.11.07-15.05.55:901][779]LogModuleManager: Shutting down and abandoning module SubstanceEditor (446)
[2019.11.07-15.05.55:901][779]LogModuleManager: Shutting down and abandoning module VariantManager (444)
[2019.11.07-15.05.55:902][779]LogModuleManager: Shutting down and abandoning module StaticMeshEditorExtension (442)
[2019.11.07-15.05.55:902][779]LogModuleManager: Shutting down and abandoning module StaticMeshEditor (441)
[2019.11.07-15.05.55:902][779]LogModuleManager: Shutting down and abandoning module AdvancedPreviewScene (440)
[2019.11.07-15.05.55:902][779]LogModuleManager: Shutting down and abandoning module MeshProcessingLibrary (437)
[2019.11.07-15.05.55:902][779]LogModuleManager: Shutting down and abandoning module MDLImporter (434)
[2019.11.07-15.05.55:903][779]LogModuleManager: Shutting down and abandoning module DatasmithGLTFImporter (432)
[2019.11.07-15.05.55:903][779]LogModuleManager: Shutting down and abandoning module DatasmithImporter (431)
[2019.11.07-15.05.55:903][779]LogModuleManager: Shutting down and abandoning module DatasmithDataPrepLibraries (428)
[2019.11.07-15.05.55:903][779]LogModuleManager: Shutting down and abandoning module DatasmithDataPrepEditor (426)
[2019.11.07-15.05.55:904][779]LogModuleManager: Shutting down and abandoning module SteamVRController (424)
[2019.11.07-15.05.55:904][779]LogModuleManager: Shutting down and abandoning module ProceduralMeshComponentEditor (422)
[2019.11.07-15.05.55:904][779]LogModuleManager: Shutting down and abandoning module ProceduralMeshComponent (420)
[2019.11.07-15.05.55:904][779]LogModuleManager: Shutting down and abandoning module OculusEditor (418)
[2019.11.07-15.05.55:904][779]LogModuleManager: Shutting down and abandoning module OculusInput (416)
[2019.11.07-15.05.55:904][779]LogModuleManager: Shutting down and abandoning module MobilePatchingUtils (414)
[2019.11.07-15.05.55:904][779]LogModuleManager: Shutting down and abandoning module EditableMesh (412)
[2019.11.07-15.05.55:904][779]LogModuleManager: Shutting down and abandoning module CustomMeshComponent (410)
[2019.11.07-15.05.55:904][779]LogModuleManager: Shutting down and abandoning module CableComponent (408)
[2019.11.07-15.05.55:904][779]LogModuleManager: Shutting down and abandoning module AudioCapture (406)
[2019.11.07-15.05.55:904][779]LogModuleManager: Shutting down and abandoning module ArchVisCharacter (404)
[2019.11.07-15.05.55:904][779]LogModuleManager: Shutting down and abandoning module AndroidPermission (402)
[2019.11.07-15.05.55:904][779]LogModuleManager: Shutting down and abandoning module NUTUnrealEngine4 (400)
[2019.11.07-15.05.55:904][779]LogModuleManager: Shutting down and abandoning module NetcodeUnitTest (398)
[2019.11.07-15.05.55:904][779]LogModuleManager: Shutting down and abandoning module MediaCompositing (396)
[2019.11.07-15.05.55:904][779]LogModuleManager: Shutting down and abandoning module LinearTimecode (394)
[2019.11.07-15.05.55:904][779]LogModuleManager: Shutting down and abandoning module ImgMedia (392)
[2019.11.07-15.05.55:904][779]LogModuleManager: Shutting down and abandoning module MagicLeapHelperVulkan (390)
[2019.11.07-15.05.55:904][779]LogModuleManager: Shutting down and abandoning module MagicLeapHelperOpenGL (388)
[2019.11.07-15.05.55:904][779]LogModuleManager: Shutting down and abandoning module MagicLeapAudio (386)
[2019.11.07-15.05.55:904][779]LogModuleManager: Shutting down and abandoning module HTML5Networking (384)
[2019.11.07-15.05.55:904][779]LogModuleManager: Shutting down and abandoning module GeometryCollectionEditor (382)
[2019.11.07-15.05.55:904][779]LogModuleManager: Shutting down and abandoning module GeometryCollectionExampleCore (380)
[2019.11.07-15.05.55:905][779]LogModuleManager: Shutting down and abandoning module GeometryCacheTracks (378)
[2019.11.07-15.05.55:905][779]LogModuleManager: Shutting down and abandoning module GeometryCacheSequencer (376)
[2019.11.07-15.05.55:905][779]LogModuleManager: Shutting down and abandoning module ChaosSolverEditor (374)
[2019.11.07-15.05.55:905][779]LogModuleManager: Shutting down and abandoning module BlastAuthoring (372)
[2019.11.07-15.05.55:905][779]LogModuleManager: Shutting down and abandoning module BackChannel (370)
[2019.11.07-15.05.55:905][779]LogModuleManager: Shutting down and abandoning module AppleVision (368)
[2019.11.07-15.05.55:905][779]LogModuleManager: Shutting down and abandoning module AppleImageUtilsBlueprintSupport (366)
[2019.11.07-15.05.55:905][779]LogModuleManager: Shutting down and abandoning module AppleImageUtils (364)
[2019.11.07-15.05.55:905][779]LogModuleManager: Shutting down and abandoning module AlembicImporter (362)
[2019.11.07-15.05.55:905][779]LogModuleManager: Shutting down and abandoning module AlembicLibrary (361)
[2019.11.07-15.05.55:905][779]LogModuleManager: Shutting down and abandoning module GeometryCache (360)
[2019.11.07-15.05.55:905][779]LogModuleManager: Shutting down and abandoning module GeometryCacheEd (359)
[2019.11.07-15.05.55:905][779]LogModuleManager: Shutting down and abandoning module VariantManagerContent (354)
[2019.11.07-15.05.55:905][779]LogModuleManager: Shutting down and abandoning module DatasmithContentEditor (352)
[2019.11.07-15.05.55:905][779]LogModuleManager: Shutting down and abandoning module SpeedTreeImporter (350)
[2019.11.07-15.05.55:905][779]LogModuleManager: Shutting down and abandoning module PluginBrowser (348)
[2019.11.07-15.05.55:905][779]LogModuleManager: Shutting down and abandoning module MobileLauncherProfileWizard (346)
[2019.11.07-15.05.55:905][779]LogModuleManager: Shutting down and abandoning module PolygonModeling (344)
[2019.11.07-15.05.55:905][779]LogModuleManager: Shutting down and abandoning module MeshEditor (342)
[2019.11.07-15.05.55:905][779]LogModuleManager: Shutting down and abandoning module MaterialAnalyzer (340)
[2019.11.07-15.05.55:905][779]LogModuleManager: Shutting down and abandoning module GLTFImporter (338)
[2019.11.07-15.05.55:905][779]LogModuleManager: Shutting down and abandoning module EditorScriptingUtilities (336)
[2019.11.07-15.05.55:905][779]LogModuleManager: Shutting down and abandoning module CryptoKeysOpenSSL (334)
[2019.11.07-15.05.55:905][779]LogModuleManager: Shutting down and abandoning module CryptoKeys (332)
[2019.11.07-15.05.55:905][779]LogModuleManager: Shutting down and abandoning module VisualStudioSourceCodeAccess (330)
[2019.11.07-15.05.55:905][779]LogModuleManager: Shutting down and abandoning module VisualStudioCodeSourceCodeAccess (328)
[2019.11.07-15.05.55:905][779]LogModuleManager: Shutting down and abandoning module UObjectPlugin (326)
[2019.11.07-15.05.55:905][779]LogModuleManager: Shutting down and abandoning module SubversionSourceControl (324)
[2019.11.07-15.05.55:906][779]LogModuleManager: Shutting down and abandoning module PerforceSourceControl (322)
[2019.11.07-15.05.55:906][779]LogModuleManager: Shutting down and abandoning module GitSourceControl (320)
[2019.11.07-15.05.55:906][779]LogModuleManager: Shutting down and abandoning module SourceControl (319)
[2019.11.07-15.05.55:906][779]LogModuleManager: Shutting down and abandoning module CLionSourceCodeAccess (316)
[2019.11.07-15.05.55:906][779]LogModuleManager: Shutting down and abandoning module AnimationSharingEd (314)
[2019.11.07-15.05.55:906][779]LogModuleManager: Shutting down and abandoning module ActorLayerUtilitiesEditor (312)
[2019.11.07-15.05.55:906][779]LogModuleManager: Shutting down and abandoning module ActorLayerUtilities (310)
[2019.11.07-15.05.55:906][779]LogModuleManager: Shutting down and abandoning module LightPropagationVolumeEditor (308)
[2019.11.07-15.05.55:906][779]LogModuleManager: Shutting down and abandoning module PaperTiledImporter (306)
[2019.11.07-15.05.55:906][779]LogModuleManager: Shutting down and abandoning module PaperSpriteSheetImporter (304)
[2019.11.07-15.05.55:906][779]LogModuleManager: Shutting down and abandoning module Paper2DEditor (302)
[2019.11.07-15.05.55:906][779]LogModuleManager: Shutting down and abandoning module SignificanceManager (300)
[2019.11.07-15.05.55:906][779]LogModuleManager: Shutting down and abandoning module RuntimePhysXCooking (298)
[2019.11.07-15.05.55:906][779]LogModuleManager: Shutting down and abandoning module PhysXVehiclesEditor (296)
[2019.11.07-15.05.55:906][779]LogModuleManager: Shutting down and abandoning module PhysXVehicles (294)
[2019.11.07-15.05.55:906][779]LogModuleManager: Shutting down and abandoning module LocationServicesBPLibrary (292)
[2019.11.07-15.05.55:906][779]LogModuleManager: Shutting down and abandoning module ActorSequence (290)
[2019.11.07-15.05.55:906][779]LogModuleManager: Shutting down and abandoning module UdpMessaging (288)
[2019.11.07-15.05.56:008][779]LogModuleManager: Shutting down and abandoning module TcpMessaging (286)
