Log file open, 11/08/19 13:24:59
LogWindows: Failed to load 'aqProf.dll' (GetLastError=126)
LogWindows: File 'aqProf.dll' does not exist
LogWindows: Failed to load 'VtuneApi.dll' (GetLastError=126)
LogWindows: File 'VtuneApi.dll' does not exist
LogWindows: Failed to load 'VtuneApi32e.dll' (GetLastError=126)
LogWindows: File 'VtuneApi32e.dll' does not exist
LogConsoleResponse: Display: Failed to find resolution value strings in scalability ini. Falling back to default.
LogInit: Display: Running engine for game: Union
LogPakFile: Registered encryption key '00000000000000000000000000000000': 0 pak files mounted, 0 remain pending
LogPlatformFile: Not using cached read wrapper
LogTaskGraph: Started task graph with 5 named threads and 35 total threads with 3 sets of task threads.
LogStats: Stats thread started at 0.856586
LogD3D11RHI: Loaded GFSDK_Aftermath_Lib.x64.dll
LogICUInternationalization: ICU TimeZone Detection - Raw Offset: +9:00, Platform Override: ''
LogPluginManager: Mounting plugin Paper2D
LogPluginManager: Mounting plugin AISupport
LogPluginManager: Mounting plugin LightPropagationVolume
LogPluginManager: Mounting plugin ActorLayerUtilities
LogPluginManager: Mounting plugin AnimationSharing
LogPluginManager: Mounting plugin CLionSourceCodeAccess
LogPluginManager: Mounting plugin CodeLiteSourceCodeAccess
LogPluginManager: Mounting plugin GitSourceControl
LogPluginManager: Mounting plugin KDevelopSourceCodeAccess
LogPluginManager: Mounting plugin NullSourceCodeAccess
LogPluginManager: Mounting plugin PerforceSourceControl
LogPluginManager: Mounting plugin SubversionSourceControl
LogPluginManager: Mounting plugin UObjectPlugin
LogPluginManager: Mounting plugin VisualStudioCodeSourceCodeAccess
LogPluginManager: Mounting plugin VisualStudioSourceCodeAccess
LogPluginManager: Mounting plugin XCodeSourceCodeAccess
LogPluginManager: Mounting plugin AssetManagerEditor
LogPluginManager: Mounting plugin CryptoKeys
LogPluginManager: Mounting plugin DataValidation
LogPluginManager: Mounting plugin EditorScriptingUtilities
LogPluginManager: Mounting plugin FacialAnimation
LogPluginManager: Mounting plugin GameplayTagsEditor
LogPluginManager: Mounting plugin GLTFImporter
LogPluginManager: Mounting plugin MacGraphicsSwitching
LogPluginManager: Mounting plugin MaterialAnalyzer
LogPluginManager: Mounting plugin MeshEditor
LogPluginManager: Mounting plugin MobileLauncherProfileWizard
LogPluginManager: Mounting plugin PluginBrowser
LogPluginManager: Mounting plugin SpeedTreeImporter
LogPluginManager: Mounting plugin DatasmithContent
LogPluginManager: Mounting plugin VariantManagerContent
LogPluginManager: Mounting plugin AlembicImporter
LogPluginManager: Mounting plugin AppleImageUtils
LogPluginManager: Mounting plugin AppleVision
LogPluginManager: Mounting plugin BackChannel
LogPluginManager: Mounting plugin BlastPlugin
LogPluginManager: Mounting plugin ChaosSolverPlugin
LogPluginManager: Mounting plugin CharacterAI
LogPluginManager: Mounting plugin GeometryCache
LogPluginManager: Mounting plugin GeometryCollectionPlugin
LogPluginManager: Mounting plugin HTML5Networking
LogPluginManager: Mounting plugin ProxyLODPlugin
LogPluginManager: Mounting plugin SkeletalReduction
LogPluginManager: Mounting plugin MagicLeap
LogPluginManager: Mounting plugin MagicLeapMedia
LogPluginManager: Mounting plugin Substance
LogPluginManager: Mounting plugin AndroidMedia
LogPluginManager: Mounting plugin AvfMedia
LogPluginManager: Mounting plugin ImgMedia
LogPluginManager: Mounting plugin LinearTimecode
LogPluginManager: Mounting plugin MediaCompositing
LogPluginManager: Mounting plugin MediaPlayerEditor
LogPluginManager: Mounting plugin WebMMedia
LogPluginManager: Mounting plugin WmfMedia
LogPluginManager: Mounting plugin TcpMessaging
LogPluginManager: Mounting plugin UdpMessaging
LogPluginManager: Mounting plugin ActorSequence
LogPluginManager: Mounting plugin LevelSequenceEditor
LogPluginManager: Mounting plugin MatineeToLevelSequence
LogPluginManager: Mounting plugin NetcodeUnitTest
LogPluginManager: Mounting plugin NUTUnrealEngine4
LogPluginManager: Mounting plugin OnlineSubsystemGooglePlay
LogPluginManager: Mounting plugin OnlineSubsystemIOS
LogPluginManager: Mounting plugin OnlineSubsystem
LogPluginManager: Mounting plugin OnlineSubsystemNull
LogPluginManager: Mounting plugin OnlineSubsystemUtils
LogPluginManager: Mounting plugin LauncherChunkInstaller
LogPluginManager: Mounting plugin AndroidDeviceProfileSelector
LogPluginManager: Mounting plugin AndroidMoviePlayer
LogPluginManager: Mounting plugin AndroidPermission
LogPluginManager: Mounting plugin AppleMoviePlayer
LogPluginManager: Mounting plugin ArchVisCharacter
LogPluginManager: Mounting plugin AudioCapture
LogPluginManager: Mounting plugin CableComponent
LogPluginManager: Mounting plugin CustomMeshComponent
LogPluginManager: Mounting plugin EditableMesh
LogPluginManager: Mounting plugin ExampleDeviceProfileSelector
LogPluginManager: Mounting plugin Firebase
LogPluginManager: Mounting plugin GoogleCloudMessaging
LogPluginManager: Mounting plugin IOSDeviceProfileSelector
LogPluginManager: Mounting plugin LinuxDeviceProfileSelector
LogPluginManager: Mounting plugin LocationServicesBPLibrary
LogPluginManager: Mounting plugin MobilePatchingUtils
LogPluginManager: Mounting plugin Ansel
LogPluginManager: Mounting plugin OculusVR
LogPluginManager: Mounting plugin PhysXVehicles
LogPluginManager: Mounting plugin ProceduralMeshComponent
LogPluginManager: Mounting plugin RuntimePhysXCooking
LogPluginManager: Mounting plugin SignificanceManager
LogPluginManager: Mounting plugin SteamVR
LogPluginManager: Mounting plugin WebMMoviePlayer
LogPluginManager: Mounting plugin WindowsMoviePlayer
LogPluginManager: Mounting plugin DatasmithCADImporter
LogPluginManager: Mounting plugin DatasmithDataPrepEditor
LogPluginManager: Mounting plugin DatasmithFBXImporter
LogPluginManager: Mounting plugin DatasmithGLTFImporter
LogPluginManager: Mounting plugin DatasmithImporter
LogPluginManager: Mounting plugin MDLImporter
LogPluginManager: Mounting plugin StaticMeshEditorExtension
LogPluginManager: Mounting plugin VariantManager
LogInit: Using libcurl 7.55.1-DEV
LogInit:  - built for x86_64-pc-win32
LogInit:  - supports SSL with OpenSSL/1.1.1
LogInit:  - supports HTTP deflate (compression) using libz 1.2.8
LogInit:  - other features:
LogInit:      CURL_VERSION_SSL
LogInit:      CURL_VERSION_LIBZ
LogInit:      CURL_VERSION_IPV6
LogInit:      CURL_VERSION_ASYNCHDNS
LogInit:      CURL_VERSION_LARGEFILE
LogInit:      CURL_VERSION_IDN
LogInit:  CurlRequestOptions (configurable via config and command line):
LogInit:  - bVerifyPeer = true  - Libcurl will verify peer certificate
LogInit:  - bUseHttpProxy = false  - Libcurl will NOT use HTTP proxy
LogInit:  - bDontReuseConnections = false  - Libcurl will reuse connections
LogInit:  - MaxHostConnections = 16  - Libcurl will limit the number of connections to a host
LogInit:  - LocalHostAddr = Default
LogInit:  - BufferSize = 65536
LogInit: WinSock: version 1.1 (2.2), MaxSocks=32767, MaxUdp=65467
LogAnsel: Tried to load ../../../Engine/Plugins/Runtime/Nvidia/Ansel/Binaries/ThirdParty/AnselSDK64.dll : success=1
LogInit: Build: ++UE4+Release-4.22-CL-7053642
LogInit: Engine Version: 4.22.3-7053642+++UE4+Release-4.22
LogInit: Compatible Engine Version: 4.22.0-5660361+++UE4+Release-4.22
LogInit: Net CL: 5660361
LogInit: OS: Windows 10 (Release 1903) (), CPU: Intel(R) Core(TM) i7-8750H CPU @ 2.20GHz, GPU: Intel(R) UHD Graphics 630
LogInit: Compiled (64-bit): Jun 18 2019 03:09:11
LogInit: Compiled with Visual C++: 19.16.27025.01
LogInit: Build Configuration: Development
LogInit: Branch Name: ++UE4+Release-4.22
LogInit: Command Line: 
LogInit: Base Directory: C:/Program Files/Epic Games/UE_4.22/Engine/Binaries/Win64/
LogInit: Installed Engine Build: 1
LogDevObjectVersion: Number of dev versions registered: 23
LogDevObjectVersion:   Dev-Blueprints (B0D832E4-1F89-4F0D-ACCF-7EB736FD4AA2): 10
LogDevObjectVersion:   Dev-Build (E1C64328-A22C-4D53-A36C-8E866417BD8C): 0
LogDevObjectVersion:   Dev-Core (375EC13C-06E4-48FB-B500-84F0262A717E): 3
LogDevObjectVersion:   Dev-Editor (E4B068ED-F494-42E9-A231-DA0B2E46BB41): 30
LogDevObjectVersion:   Dev-Framework (CFFC743F-43B0-4480-9391-14DF171D2073): 35
LogDevObjectVersion:   Dev-Mobile (B02B49B5-BB20-44E9-A304-32B752E40360): 2
LogDevObjectVersion:   Dev-Networking (A4E4105C-59A1-49B5-A7C5-40C4547EDFEE): 0
LogDevObjectVersion:   Dev-Online (39C831C9-5AE6-47DC-9A44-9C173E1C8E7C): 0
LogDevObjectVersion:   Dev-Physics (78F01B33-EBEA-4F98-B9B4-84EACCB95AA2): 0
LogDevObjectVersion:   Dev-Platform (6631380F-2D4D-43E0-8009-CF276956A95A): 0
LogDevObjectVersion:   Dev-Rendering (12F88B9F-8875-4AFC-A67C-D90C383ABD29): 28
LogDevObjectVersion:   Dev-Sequencer (7B5AE74C-D270-4C10-A958-57980B212A5A): 11
LogDevObjectVersion:   Dev-VR (D7296918-1DD6-4BDD-9DE2-64A83CC13884): 2
LogDevObjectVersion:   Dev-LoadTimes (C2A15278-BFE7-4AFE-6C17-90FF531DF755): 1
LogDevObjectVersion:   Private-Geometry (6EACA3D4-40EC-4CC1-B786-8BED09428FC5): 3
LogDevObjectVersion:   Dev-AnimPhys (29E575DD-E0A3-4627-9D10-D276232CDCEA): 17
LogDevObjectVersion:   Dev-Anim (AF43A65D-7FD3-4947-9873-3E8ED9C1BB05): 2
LogDevObjectVersion:   Dev-ReflectionCapture (6B266CEC-1EC7-4B8F-A30B-E4D90942FC07): 1
LogDevObjectVersion:   Dev-Automation (0DF73D61-A23F-47EA-B727-89E90C41499A): 1
LogDevObjectVersion:   FortniteMain (601D1886-AC64-4F84-AA16-D3DE0DEAC7D6): 25
LogDevObjectVersion:   Dev-Enterprise (9DFFBCD6-494F-0158-E221-12823C92A888): 6
LogDevObjectVersion:   Dev-Niagara (F2AED0AC-9AFE-416F-8664-AA7FFA26D6FC): 1
LogDevObjectVersion:   Dev-Destruction (174F1F0B-B4C6-45A5-B13F-2EE8D0FB917D): 2
LogInit: Presizing for max 16777216 objects, including 0 objects not considered by GC, pre-allocating 0 bytes for permanent pool.
LogInit: Object subsystem initialized
LogConfig: Setting CVar [[con.DebugEarlyDefault:1]]
LogConfig: Setting CVar [[r.setres:1280x720]]
[2019.11.08-04.25.00:480][  0]LogConfig: Setting CVar [[r.VSync:0]]
[2019.11.08-04.25.00:480][  0]LogConfig: Setting CVar [[r.RHICmdBypass:0]]
[2019.11.08-04.25.00:480][  0]LogConfig: Applying CVar settings from Section [/Script/Engine.RendererSettings] File [C:/Users/user/Dropbox/Github Repositories/Union-Project2/Proyecto UE4/Union/Saved/Config/Windows/Engine.ini]
[2019.11.08-04.25.00:481][  0]LogConfig: Setting CVar [[r.GPUCrashDebugging:0]]
[2019.11.08-04.25.00:481][  0]LogConfig: Setting CVar [[r.DefaultFeature.AutoExposure.ExtendDefaultLuminanceRange:1]]
[2019.11.08-04.25.00:481][  0]LogConfig: Setting CVar [[r.GenerateMeshDistanceFields:1]]
[2019.11.08-04.25.00:481][  0]LogConfig: Setting CVar [[r.GBufferFormat:3]]
[2019.11.08-04.25.00:481][  0]LogConfig: Setting CVar [[r.ReflectionCaptureResolution:512]]
[2019.11.08-04.25.00:481][  0]LogConfig: Setting CVar [[r.RayTracing:1]]
[2019.11.08-04.25.00:481][  0]LogConfig: Setting CVar [[r.SkinCache.CompileShaders:1]]
[2019.11.08-04.25.00:481][  0]LogConfig: Applying CVar settings from Section [/Script/Engine.RendererOverrideSettings] File [C:/Users/user/Dropbox/Github Repositories/Union-Project2/Proyecto UE4/Union/Saved/Config/Windows/Engine.ini]
[2019.11.08-04.25.00:481][  0]LogConfig: Applying CVar settings from Section [/Script/Engine.StreamingSettings] File [C:/Users/user/Dropbox/Github Repositories/Union-Project2/Proyecto UE4/Union/Saved/Config/Windows/Engine.ini]
[2019.11.08-04.25.00:481][  0]LogConfig: Setting CVar [[s.MinBulkDataSizeForAsyncLoading:131072]]
[2019.11.08-04.25.00:481][  0]LogConfig: Setting CVar [[s.AsyncLoadingThreadEnabled:0]]
[2019.11.08-04.25.00:481][  0]LogConfig: Setting CVar [[s.EventDrivenLoaderEnabled:1]]
[2019.11.08-04.25.00:481][  0]LogConfig: Setting CVar [[s.WarnIfTimeLimitExceeded:0]]
[2019.11.08-04.25.00:481][  0]LogConfig: Setting CVar [[s.TimeLimitExceededMultiplier:1.5]]
[2019.11.08-04.25.00:481][  0]LogConfig: Setting CVar [[s.TimeLimitExceededMinTime:0.005]]
[2019.11.08-04.25.00:481][  0]LogConfig: Setting CVar [[s.UseBackgroundLevelStreaming:1]]
[2019.11.08-04.25.00:481][  0]LogConfig: Setting CVar [[s.PriorityAsyncLoadingExtraTime:15.0]]
[2019.11.08-04.25.00:481][  0]LogConfig: Setting CVar [[s.LevelStreamingActorsUpdateTimeLimit:5.0]]
[2019.11.08-04.25.00:481][  0]LogConfig: Setting CVar [[s.PriorityLevelStreamingActorsUpdateExtraTime:5.0]]
[2019.11.08-04.25.00:481][  0]LogConfig: Setting CVar [[s.LevelStreamingComponentsRegistrationGranularity:10]]
[2019.11.08-04.25.00:481][  0]LogConfig: Setting CVar [[s.UnregisterComponentsTimeLimit:1.0]]
[2019.11.08-04.25.00:481][  0]LogConfig: Setting CVar [[s.LevelStreamingComponentsUnregistrationGranularity:5]]
[2019.11.08-04.25.00:481][  0]LogConfig: Applying CVar settings from Section [/Script/Engine.GarbageCollectionSettings] File [C:/Users/user/Dropbox/Github Repositories/Union-Project2/Proyecto UE4/Union/Saved/Config/Windows/Engine.ini]
[2019.11.08-04.25.00:481][  0]LogConfig: Setting CVar [[gc.MaxObjectsNotConsideredByGC:1]]
[2019.11.08-04.25.00:481][  0]LogConfig: Setting CVar [[gc.SizeOfPermanentObjectPool:0]]
[2019.11.08-04.25.00:481][  0]LogConfig: Setting CVar [[gc.FlushStreamingOnGC:0]]
[2019.11.08-04.25.00:481][  0]LogConfig: Setting CVar [[gc.NumRetriesBeforeForcingGC:10]]
[2019.11.08-04.25.00:481][  0]LogConfig: Setting CVar [[gc.AllowParallelGC:1]]
[2019.11.08-04.25.00:481][  0]LogConfig: Setting CVar [[gc.TimeBetweenPurgingPendingKillObjects:61.1]]
[2019.11.08-04.25.00:481][  0]LogConfig: Setting CVar [[gc.MaxObjectsInEditor:16777216]]
[2019.11.08-04.25.00:481][  0]LogConfig: Setting CVar [[gc.IncrementalBeginDestroyEnabled:1]]
[2019.11.08-04.25.00:481][  0]LogConfig: Setting CVar [[gc.CreateGCClusters:1]]
[2019.11.08-04.25.00:481][  0]LogConfig: Setting CVar [[gc.MinGCClusterSize:5]]
[2019.11.08-04.25.00:481][  0]LogConfig: Setting CVar [[gc.ActorClusteringEnabled:0]]
[2019.11.08-04.25.00:481][  0]LogConfig: Setting CVar [[gc.BlueprintClusteringEnabled:0]]
[2019.11.08-04.25.00:481][  0]LogConfig: Setting CVar [[gc.UseDisregardForGCOnDedicatedServers:0]]
[2019.11.08-04.25.00:481][  0]LogConfig: Applying CVar settings from Section [/Script/Engine.NetworkSettings] File [C:/Users/user/Dropbox/Github Repositories/Union-Project2/Proyecto UE4/Union/Saved/Config/Windows/Engine.ini]
[2019.11.08-04.25.00:481][  0]LogConfig: Applying CVar settings from Section [/Script/UnrealEd.CookerSettings] File [C:/Users/user/Dropbox/Github Repositories/Union-Project2/Proyecto UE4/Union/Saved/Config/Windows/Engine.ini]
[2019.11.08-04.25.00:485][  0]LogConfig: Applying CVar settings from Section [ViewDistanceQuality@3] File [C:/Users/user/Dropbox/Github Repositories/Union-Project2/Proyecto UE4/Union/Saved/Config/Windows/Scalability.ini]
[2019.11.08-04.25.00:485][  0]LogConfig: Setting CVar [[r.SkeletalMeshLODBias:0]]
[2019.11.08-04.25.00:485][  0]LogConfig: Setting CVar [[r.ViewDistanceScale:1.0]]
[2019.11.08-04.25.00:485][  0]LogConfig: Applying CVar settings from Section [AntiAliasingQuality@3] File [C:/Users/user/Dropbox/Github Repositories/Union-Project2/Proyecto UE4/Union/Saved/Config/Windows/Scalability.ini]
[2019.11.08-04.25.00:485][  0]LogConfig: Setting CVar [[r.PostProcessAAQuality:4]]
[2019.11.08-04.25.00:486][  0]LogConfig: Applying CVar settings from Section [ShadowQuality@3] File [C:/Users/user/Dropbox/Github Repositories/Union-Project2/Proyecto UE4/Union/Saved/Config/Windows/Scalability.ini]
[2019.11.08-04.25.00:486][  0]LogConfig: Setting CVar [[r.LightFunctionQuality:1]]
[2019.11.08-04.25.00:486][  0]LogConfig: Setting CVar [[r.ShadowQuality:5]]
[2019.11.08-04.25.00:486][  0]LogConfig: Setting CVar [[r.Shadow.CSM.MaxCascades:10]]
[2019.11.08-04.25.00:486][  0]LogConfig: Setting CVar [[r.Shadow.MaxResolution:2048]]
[2019.11.08-04.25.00:486][  0]LogConfig: Setting CVar [[r.Shadow.MaxCSMResolution:2048]]
[2019.11.08-04.25.00:486][  0]LogConfig: Setting CVar [[r.Shadow.RadiusThreshold:0.01]]
[2019.11.08-04.25.00:486][  0]LogConfig: Setting CVar [[r.Shadow.DistanceScale:1.0]]
[2019.11.08-04.25.00:486][  0]LogConfig: Setting CVar [[r.Shadow.CSM.TransitionScale:1.0]]
[2019.11.08-04.25.00:486][  0]LogConfig: Setting CVar [[r.Shadow.PreShadowResolutionFactor:1.0]]
[2019.11.08-04.25.00:486][  0]LogConfig: Setting CVar [[r.DistanceFieldShadowing:1]]
[2019.11.08-04.25.00:486][  0]LogConfig: Setting CVar [[r.DistanceFieldAO:1]]
[2019.11.08-04.25.00:486][  0]LogConfig: Setting CVar [[r.AOQuality:2]]
[2019.11.08-04.25.00:486][  0]LogConfig: Setting CVar [[r.VolumetricFog:1]]
[2019.11.08-04.25.00:486][  0]LogConfig: Setting CVar [[r.VolumetricFog.GridPixelSize:8]]
[2019.11.08-04.25.00:486][  0]LogConfig: Setting CVar [[r.VolumetricFog.GridSizeZ:128]]
[2019.11.08-04.25.00:486][  0]LogConfig: Setting CVar [[r.VolumetricFog.HistoryMissSupersampleCount:4]]
[2019.11.08-04.25.00:486][  0]LogConfig: Setting CVar [[r.LightMaxDrawDistanceScale:1]]
[2019.11.08-04.25.00:486][  0]LogConfig: Setting CVar [[r.CapsuleShadows:1]]
[2019.11.08-04.25.00:486][  0]LogConfig: Applying CVar settings from Section [PostProcessQuality@3] File [C:/Users/user/Dropbox/Github Repositories/Union-Project2/Proyecto UE4/Union/Saved/Config/Windows/Scalability.ini]
[2019.11.08-04.25.00:486][  0]LogConfig: Setting CVar [[r.MotionBlurQuality:4]]
[2019.11.08-04.25.00:486][  0]LogConfig: Setting CVar [[r.AmbientOcclusionMipLevelFactor:0.4]]
[2019.11.08-04.25.00:486][  0]LogConfig: Setting CVar [[r.AmbientOcclusionMaxQuality:100]]
[2019.11.08-04.25.00:486][  0]LogConfig: Setting CVar [[r.AmbientOcclusionLevels:-1]]
[2019.11.08-04.25.00:486][  0]LogConfig: Setting CVar [[r.AmbientOcclusionRadiusScale:1.0]]
[2019.11.08-04.25.00:486][  0]LogConfig: Setting CVar [[r.DepthOfFieldQuality:2]]
[2019.11.08-04.25.00:486][  0]LogConfig: Setting CVar [[r.RenderTargetPoolMin:400]]
[2019.11.08-04.25.00:486][  0]LogConfig: Setting CVar [[r.LensFlareQuality:2]]
[2019.11.08-04.25.00:486][  0]LogConfig: Setting CVar [[r.SceneColorFringeQuality:1]]
[2019.11.08-04.25.00:486][  0]LogConfig: Setting CVar [[r.EyeAdaptationQuality:2]]
[2019.11.08-04.25.00:486][  0]LogConfig: Setting CVar [[r.BloomQuality:5]]
[2019.11.08-04.25.00:486][  0]LogConfig: Setting CVar [[r.FastBlurThreshold:100]]
[2019.11.08-04.25.00:486][  0]LogConfig: Setting CVar [[r.Upscale.Quality:3]]
[2019.11.08-04.25.00:486][  0]LogConfig: Setting CVar [[r.Tonemapper.GrainQuantization:1]]
[2019.11.08-04.25.00:486][  0]LogConfig: Setting CVar [[r.LightShaftQuality:1]]
[2019.11.08-04.25.00:486][  0]LogConfig: Setting CVar [[r.Filter.SizeScale:1]]
[2019.11.08-04.25.00:486][  0]LogConfig: Setting CVar [[r.Tonemapper.Quality:5]]
[2019.11.08-04.25.00:486][  0]LogConfig: Setting CVar [[r.DOF.Gather.AccumulatorQuality:1        ; higher gathering accumulator quality]]
[2019.11.08-04.25.00:486][  0]LogConfig: Setting CVar [[r.DOF.Gather.PostfilterMethod:1          ; Median3x3 postfilering method]]
[2019.11.08-04.25.00:486][  0]LogConfig: Setting CVar [[r.DOF.Gather.EnableBokehSettings:0       ; no bokeh simulation when gathering]]
[2019.11.08-04.25.00:486][  0]LogConfig: Setting CVar [[r.DOF.Gather.RingCount:4                 ; medium number of samples when gathering]]
[2019.11.08-04.25.00:486][  0]LogConfig: Setting CVar [[r.DOF.Scatter.ForegroundCompositing:1    ; additive foreground scattering]]
[2019.11.08-04.25.00:486][  0]LogConfig: Setting CVar [[r.DOF.Scatter.BackgroundCompositing:2    ; additive background scattering]]
[2019.11.08-04.25.00:486][  0]LogConfig: Setting CVar [[r.DOF.Scatter.EnableBokehSettings:1      ; bokeh simulation when scattering]]
[2019.11.08-04.25.00:486][  0]LogConfig: Setting CVar [[r.DOF.Scatter.MaxSpriteRatio:0.1         ; only a maximum of 10% of scattered bokeh]]
[2019.11.08-04.25.00:486][  0]LogConfig: Setting CVar [[r.DOF.Recombine.Quality:1                ; cheap slight out of focus]]
[2019.11.08-04.25.00:486][  0]LogConfig: Setting CVar [[r.DOF.Recombine.EnableBokehSettings:0    ; no bokeh simulation on slight out of focus]]
[2019.11.08-04.25.00:486][  0]LogConfig: Setting CVar [[r.DOF.TemporalAAQuality:1                ; more stable temporal accumulation]]
[2019.11.08-04.25.00:486][  0]LogConfig: Setting CVar [[r.DOF.Kernel.MaxForegroundRadius:0.025]]
[2019.11.08-04.25.00:486][  0]LogConfig: Setting CVar [[r.DOF.Kernel.MaxBackgroundRadius:0.025]]
[2019.11.08-04.25.00:486][  0]LogConfig: Applying CVar settings from Section [TextureQuality@3] File [C:/Users/user/Dropbox/Github Repositories/Union-Project2/Proyecto UE4/Union/Saved/Config/Windows/Scalability.ini]
[2019.11.08-04.25.00:486][  0]LogConfig: Setting CVar [[r.Streaming.MipBias:0]]
[2019.11.08-04.25.00:486][  0]LogConfig: Setting CVar [[r.Streaming.AmortizeCPUToGPUCopy:0]]
[2019.11.08-04.25.00:486][  0]LogConfig: Setting CVar [[r.Streaming.MaxNumTexturesToStreamPerFrame:0]]
[2019.11.08-04.25.00:486][  0]LogConfig: Setting CVar [[r.Streaming.Boost:1]]
[2019.11.08-04.25.00:486][  0]LogConfig: Setting CVar [[r.MaxAnisotropy:8]]
[2019.11.08-04.25.00:486][  0]LogConfig: Setting CVar [[r.Streaming.LimitPoolSizeToVRAM:0]]
[2019.11.08-04.25.00:486][  0]LogConfig: Setting CVar [[r.Streaming.PoolSize:1000]]
[2019.11.08-04.25.00:486][  0]LogConfig: Setting CVar [[r.Streaming.MaxEffectiveScreenSize:0]]
[2019.11.08-04.25.00:486][  0]LogConfig: Applying CVar settings from Section [EffectsQuality@3] File [C:/Users/user/Dropbox/Github Repositories/Union-Project2/Proyecto UE4/Union/Saved/Config/Windows/Scalability.ini]
[2019.11.08-04.25.00:486][  0]LogConfig: Setting CVar [[r.TranslucencyLightingVolumeDim:64]]
[2019.11.08-04.25.00:486][  0]LogConfig: Setting CVar [[r.RefractionQuality:2]]
[2019.11.08-04.25.00:486][  0]LogConfig: Setting CVar [[r.SSR.Quality:3]]
[2019.11.08-04.25.00:486][  0]LogConfig: Setting CVar [[r.SceneColorFormat:4]]
[2019.11.08-04.25.00:486][  0]LogConfig: Setting CVar [[r.DetailMode:2]]
[2019.11.08-04.25.00:486][  0]LogConfig: Setting CVar [[r.TranslucencyVolumeBlur:1]]
[2019.11.08-04.25.00:486][  0]LogConfig: Setting CVar [[r.MaterialQualityLevel:1 ; High quality]]
[2019.11.08-04.25.00:486][  0]LogConfig: Setting CVar [[r.SSS.Scale:1]]
[2019.11.08-04.25.00:486][  0]LogConfig: Setting CVar [[r.SSS.SampleSet:2]]
[2019.11.08-04.25.00:486][  0]LogConfig: Setting CVar [[r.SSS.Quality:1]]
[2019.11.08-04.25.00:486][  0]LogConfig: Setting CVar [[r.SSS.HalfRes:1]]
[2019.11.08-04.25.00:486][  0]LogConfig: Setting CVar [[r.EmitterSpawnRateScale:1.0]]
[2019.11.08-04.25.00:486][  0]LogConfig: Setting CVar [[r.ParticleLightQuality:2]]
[2019.11.08-04.25.00:486][  0]LogConfig: Applying CVar settings from Section [FoliageQuality@3] File [C:/Users/user/Dropbox/Github Repositories/Union-Project2/Proyecto UE4/Union/Saved/Config/Windows/Scalability.ini]
[2019.11.08-04.25.00:486][  0]LogConfig: Setting CVar [[foliage.DensityScale:1.0]]
[2019.11.08-04.25.00:486][  0]LogConfig: Setting CVar [[grass.DensityScale:1.0]]
[2019.11.08-04.25.00:487][  0]LogInit: Selected Device Profile: [Windows]
[2019.11.08-04.25.00:487][  0]LogInit: Applying CVar settings loaded from the selected device profile: [Windows]
[2019.11.08-04.25.00:510][  0]LogHAL: Display: Platform has ~ 32 GB [34197495808 / 34359738368 / 32], which maps to Largest [LargestMinGB=32, LargerMinGB=12, DefaultMinGB=8, SmallerMinGB=6, SmallestMinGB=0)
[2019.11.08-04.25.00:510][  0]LogConfig: Setting CVar [[r.Vulkan.UseRealUBs:0		; Required until we fix HLR fall-out]]
[2019.11.08-04.25.00:510][  0]LogInit: Going up to parent DeviceProfile []
[2019.11.08-04.25.00:511][  0]LogConfig: Applying CVar settings from Section [ViewDistanceQuality@Cine] File [C:/Users/user/Dropbox/Github Repositories/Union-Project2/Proyecto UE4/Union/Saved/Config/Windows/Scalability.ini]
[2019.11.08-04.25.00:511][  0]LogConfig: Setting CVar [[r.SkeletalMeshLODBias:0]]
[2019.11.08-04.25.00:511][  0]LogConfig: Setting CVar [[r.ViewDistanceScale:10.0]]
[2019.11.08-04.25.00:511][  0]LogConfig: Applying CVar settings from Section [AntiAliasingQuality@Cine] File [C:/Users/user/Dropbox/Github Repositories/Union-Project2/Proyecto UE4/Union/Saved/Config/Windows/Scalability.ini]
[2019.11.08-04.25.00:511][  0]LogConfig: Setting CVar [[r.PostProcessAAQuality:6]]
[2019.11.08-04.25.00:511][  0]LogConfig: Applying CVar settings from Section [ShadowQuality@Cine] File [C:/Users/user/Dropbox/Github Repositories/Union-Project2/Proyecto UE4/Union/Saved/Config/Windows/Scalability.ini]
[2019.11.08-04.25.00:511][  0]LogConfig: Setting CVar [[r.LightFunctionQuality:1]]
[2019.11.08-04.25.00:511][  0]LogConfig: Setting CVar [[r.ShadowQuality:5]]
[2019.11.08-04.25.00:511][  0]LogConfig: Setting CVar [[r.Shadow.CSM.MaxCascades:10]]
[2019.11.08-04.25.00:511][  0]LogConfig: Setting CVar [[r.Shadow.MaxResolution:4096]]
[2019.11.08-04.25.00:511][  0]LogConfig: Setting CVar [[r.Shadow.MaxCSMResolution:4096]]
[2019.11.08-04.25.00:511][  0]LogConfig: Setting CVar [[r.Shadow.RadiusThreshold:0]]
[2019.11.08-04.25.00:511][  0]LogConfig: Setting CVar [[r.Shadow.DistanceScale:1.0]]
[2019.11.08-04.25.00:511][  0]LogConfig: Setting CVar [[r.Shadow.CSM.TransitionScale:1.0]]
[2019.11.08-04.25.00:511][  0]LogConfig: Setting CVar [[r.Shadow.PreShadowResolutionFactor:1.0]]
[2019.11.08-04.25.00:511][  0]LogConfig: Setting CVar [[r.DistanceFieldShadowing:1]]
[2019.11.08-04.25.00:511][  0]LogConfig: Setting CVar [[r.DistanceFieldAO:1]]
[2019.11.08-04.25.00:511][  0]LogConfig: Setting CVar [[r.AOQuality:2]]
[2019.11.08-04.25.00:511][  0]LogConfig: Setting CVar [[r.VolumetricFog:1]]
[2019.11.08-04.25.00:511][  0]LogConfig: Setting CVar [[r.VolumetricFog.GridPixelSize:4]]
[2019.11.08-04.25.00:511][  0]LogConfig: Setting CVar [[r.VolumetricFog.GridSizeZ:128]]
[2019.11.08-04.25.00:511][  0]LogConfig: Setting CVar [[r.VolumetricFog.HistoryMissSupersampleCount:16]]
[2019.11.08-04.25.00:511][  0]LogConfig: Setting CVar [[r.LightMaxDrawDistanceScale:1]]
[2019.11.08-04.25.00:511][  0]LogConfig: Setting CVar [[r.CapsuleShadows:1]]
[2019.11.08-04.25.00:511][  0]LogConfig: Applying CVar settings from Section [PostProcessQuality@Cine] File [C:/Users/user/Dropbox/Github Repositories/Union-Project2/Proyecto UE4/Union/Saved/Config/Windows/Scalability.ini]
[2019.11.08-04.25.00:511][  0]LogConfig: Setting CVar [[r.MotionBlurQuality:4]]
[2019.11.08-04.25.00:511][  0]LogConfig: Setting CVar [[r.AmbientOcclusionMipLevelFactor:0.4]]
[2019.11.08-04.25.00:511][  0]LogConfig: Setting CVar [[r.AmbientOcclusionMaxQuality:100]]
[2019.11.08-04.25.00:511][  0]LogConfig: Setting CVar [[r.AmbientOcclusionLevels:-1]]
[2019.11.08-04.25.00:511][  0]LogConfig: Setting CVar [[r.AmbientOcclusionRadiusScale:1.0]]
[2019.11.08-04.25.00:511][  0]LogConfig: Setting CVar [[r.DepthOfFieldQuality:4]]
[2019.11.08-04.25.00:511][  0]LogConfig: Setting CVar [[r.RenderTargetPoolMin:1000]]
[2019.11.08-04.25.00:511][  0]LogConfig: Setting CVar [[r.LensFlareQuality:3]]
[2019.11.08-04.25.00:511][  0]LogConfig: Setting CVar [[r.SceneColorFringeQuality:1]]
[2019.11.08-04.25.00:511][  0]LogConfig: Setting CVar [[r.EyeAdaptationQuality:2]]
[2019.11.08-04.25.00:511][  0]LogConfig: Setting CVar [[r.BloomQuality:5]]
[2019.11.08-04.25.00:511][  0]LogConfig: Setting CVar [[r.FastBlurThreshold:100]]
[2019.11.08-04.25.00:511][  0]LogConfig: Setting CVar [[r.Upscale.Quality:3]]
[2019.11.08-04.25.00:511][  0]LogConfig: Setting CVar [[r.Tonemapper.GrainQuantization:1]]
[2019.11.08-04.25.00:511][  0]LogConfig: Setting CVar [[r.LightShaftQuality:1]]
[2019.11.08-04.25.00:511][  0]LogConfig: Setting CVar [[r.Filter.SizeScale:1]]
[2019.11.08-04.25.00:511][  0]LogConfig: Setting CVar [[r.Tonemapper.Quality:5]]
[2019.11.08-04.25.00:511][  0]LogConfig: Setting CVar [[r.DOF.Gather.AccumulatorQuality:1        ; higher gathering accumulator quality]]
[2019.11.08-04.25.00:511][  0]LogConfig: Setting CVar [[r.DOF.Gather.PostfilterMethod:1          ; Median3x3 postfilering method]]
[2019.11.08-04.25.00:511][  0]LogConfig: Setting CVar [[r.DOF.Gather.EnableBokehSettings:1       ; bokeh simulation when gathering]]
[2019.11.08-04.25.00:511][  0]LogConfig: Setting CVar [[r.DOF.Gather.RingCount:5                 ; high number of samples when gathering]]
[2019.11.08-04.25.00:511][  0]LogConfig: Setting CVar [[r.DOF.Scatter.ForegroundCompositing:1    ; additive foreground scattering]]
[2019.11.08-04.25.00:511][  0]LogConfig: Setting CVar [[r.DOF.Scatter.BackgroundCompositing:2    ; background scattering occlusion]]
[2019.11.08-04.25.00:511][  0]LogConfig: Setting CVar [[r.DOF.Scatter.EnableBokehSettings:1      ; no bokeh simulation when scattering]]
[2019.11.08-04.25.00:511][  0]LogConfig: Setting CVar [[r.DOF.Scatter.MaxSpriteRatio:0.1         ; only a maximum of 10% of scattered bokeh]]
[2019.11.08-04.25.00:511][  0]LogConfig: Setting CVar [[r.DOF.Recombine.Quality:2                ; highest slight out of focus]]
[2019.11.08-04.25.00:511][  0]LogConfig: Setting CVar [[r.DOF.Recombine.EnableBokehSettings:1    ; bokeh simulation on slight out of focus]]
[2019.11.08-04.25.00:511][  0]LogConfig: Setting CVar [[r.DOF.TemporalAAQuality:1                ; more stable temporal accumulation]]
[2019.11.08-04.25.00:511][  0]LogConfig: Setting CVar [[r.DOF.Kernel.MaxForegroundRadius:0.025]]
[2019.11.08-04.25.00:511][  0]LogConfig: Setting CVar [[r.DOF.Kernel.MaxBackgroundRadius:0.025]]
[2019.11.08-04.25.00:511][  0]LogConfig: Applying CVar settings from Section [TextureQuality@Cine] File [C:/Users/user/Dropbox/Github Repositories/Union-Project2/Proyecto UE4/Union/Saved/Config/Windows/Scalability.ini]
[2019.11.08-04.25.00:511][  0]LogConfig: Setting CVar [[r.Streaming.MipBias:0]]
[2019.11.08-04.25.00:511][  0]LogConfig: Setting CVar [[r.Streaming.AmortizeCPUToGPUCopy:0]]
[2019.11.08-04.25.00:511][  0]LogConfig: Setting CVar [[r.Streaming.MaxNumTexturesToStreamPerFrame:0]]
[2019.11.08-04.25.00:511][  0]LogConfig: Setting CVar [[r.Streaming.Boost:1]]
[2019.11.08-04.25.00:511][  0]LogConfig: Setting CVar [[r.MaxAnisotropy:8]]
[2019.11.08-04.25.00:511][  0]LogConfig: Setting CVar [[r.Streaming.LimitPoolSizeToVRAM:0]]
[2019.11.08-04.25.00:511][  0]LogConfig: Setting CVar [[r.Streaming.PoolSize:3000]]
[2019.11.08-04.25.00:511][  0]LogConfig: Setting CVar [[r.Streaming.MaxEffectiveScreenSize:0]]
[2019.11.08-04.25.00:511][  0]LogConfig: Applying CVar settings from Section [EffectsQuality@Cine] File [C:/Users/user/Dropbox/Github Repositories/Union-Project2/Proyecto UE4/Union/Saved/Config/Windows/Scalability.ini]
[2019.11.08-04.25.00:511][  0]LogConfig: Setting CVar [[r.TranslucencyLightingVolumeDim:64]]
[2019.11.08-04.25.00:511][  0]LogConfig: Setting CVar [[r.RefractionQuality:2]]
[2019.11.08-04.25.00:511][  0]LogConfig: Setting CVar [[r.SSR.Quality:4]]
[2019.11.08-04.25.00:511][  0]LogConfig: Setting CVar [[r.SceneColorFormat:4]]
[2019.11.08-04.25.00:511][  0]LogConfig: Setting CVar [[r.DetailMode:2]]
[2019.11.08-04.25.00:511][  0]LogConfig: Setting CVar [[r.TranslucencyVolumeBlur:1]]
[2019.11.08-04.25.00:511][  0]LogConfig: Setting CVar [[r.MaterialQualityLevel:1 ; High quality]]
[2019.11.08-04.25.00:511][  0]LogConfig: Setting CVar [[r.SSS.Scale:1]]
[2019.11.08-04.25.00:511][  0]LogConfig: Setting CVar [[r.SSS.SampleSet:2]]
[2019.11.08-04.25.00:511][  0]LogConfig: Setting CVar [[r.SSS.Quality:1]]
[2019.11.08-04.25.00:511][  0]LogConfig: Setting CVar [[r.SSS.HalfRes:0]]
[2019.11.08-04.25.00:511][  0]LogConfig: Setting CVar [[r.EmitterSpawnRateScale:1.0]]
[2019.11.08-04.25.00:511][  0]LogConfig: Setting CVar [[r.ParticleLightQuality:2]]
[2019.11.08-04.25.00:511][  0]LogConfig: Applying CVar settings from Section [FoliageQuality@Cine] File [C:/Users/user/Dropbox/Github Repositories/Union-Project2/Proyecto UE4/Union/Saved/Config/Windows/Scalability.ini]
[2019.11.08-04.25.00:511][  0]LogConfig: Setting CVar [[foliage.DensityScale:1.0]]
[2019.11.08-04.25.00:511][  0]LogConfig: Setting CVar [[grass.DensityScale:1.0]]
[2019.11.08-04.25.00:512][  0]LogConfig: Applying CVar settings from Section [Startup] File [../../../Engine/Config/ConsoleVariables.ini]
[2019.11.08-04.25.00:516][  0]LogConfig: Setting CVar [[net.UseAdaptiveNetUpdateFrequency:0]]
[2019.11.08-04.25.00:516][  0]LogConfig: Setting CVar [[p.chaos.AllowCreatePhysxBodies:1]]
[2019.11.08-04.25.00:516][  0]LogConfig: Setting CVar [[r.LightPropagationVolume:1]]
[2019.11.08-04.25.00:516][  0]LogConfig: Applying CVar settings from Section [ConsoleVariables] File [C:/Users/user/Dropbox/Github Repositories/Union-Project2/Proyecto UE4/Union/Saved/Config/Windows/Engine.ini]
[2019.11.08-04.25.00:516][  0]LogInit: Computer: DESKTOP-BGGG2GK
[2019.11.08-04.25.00:516][  0]LogInit: User: user
[2019.11.08-04.25.00:516][  0]LogInit: CPU Page size=4096, Cores=6
[2019.11.08-04.25.00:516][  0]LogInit: High frequency timer resolution =10.000000 MHz
[2019.11.08-04.25.00:517][  0]LogMemory: Memory total: Physical=31.8GB (32GB approx)
[2019.11.08-04.25.00:517][  0]LogMemory: Platform Memory Stats for Windows
[2019.11.08-04.25.00:517][  0]LogMemory: Process Physical Memory: 102.25 MB used, 102.26 MB peak
[2019.11.08-04.25.00:517][  0]LogMemory: Process Virtual Memory: 98.26 MB used, 98.26 MB peak
[2019.11.08-04.25.00:517][  0]LogMemory: Physical Memory: 6990.62 MB used,  25622.65 MB free, 32613.27 MB total
[2019.11.08-04.25.00:517][  0]LogMemory: Virtual Memory: 4670.63 MB used,  134213056.00 MB free, 134217728.00 MB total
[2019.11.08-04.25.00:719][  0]LogInit: Using OS detected language (en-US).
[2019.11.08-04.25.00:719][  0]LogInit: Using OS detected locale (en-US).
[2019.11.08-04.25.00:721][  0]LogTextLocalizationManager: No specific localization for 'en-US' exists, so the 'en' localization will be used.
[2019.11.08-04.25.01:090][  0]LogSlate: New Slate User Created.  User Index 0, Is Virtual User: 0
[2019.11.08-04.25.01:090][  0]LogSlate: Slate User Registered.  User Index 0, Is Virtual User: 0
[2019.11.08-04.25.03:147][  0]LogD3D12RHI: Aftermath initialized
[2019.11.08-04.25.03:147][  0]LogD3D12RHI: Loading WinPixEventRuntime.dll for PIX profiling (from ../../../Engine/Binaries/ThirdParty/Windows/DirectX/x64).
[2019.11.08-04.25.03:182][  0]LogHMD: Failed to initialize OpenVR with code 110
[2019.11.08-04.25.04:625][  0]LogD3D12RHI: Found D3D12 adapter 0: NVIDIA GeForce RTX 2070 with Max-Q Design (Max supported Feature Level 12_1)
[2019.11.08-04.25.04:625][  0]LogD3D12RHI: Adapter has 8031MB of dedicated video memory, 0MB of dedicated system memory, and 16306MB of shared system memory, 1 output[s]
[2019.11.08-04.25.04:666][  0]LogD3D12RHI: Found D3D12 adapter 1: Intel(R) UHD Graphics 630 (Max supported Feature Level 12_1)
[2019.11.08-04.25.04:666][  0]LogD3D12RHI: Adapter has 128MB of dedicated video memory, 0MB of dedicated system memory, and 16306MB of shared system memory, 0 output[s]
[2019.11.08-04.25.04:683][  0]LogD3D12RHI: Found D3D12 adapter 2: Microsoft Basic Render Driver (Max supported Feature Level 12_1)
[2019.11.08-04.25.04:683][  0]LogD3D12RHI: Adapter has 0MB of dedicated video memory, 0MB of dedicated system memory, and 16306MB of shared system memory, 0 output[s]
[2019.11.08-04.25.04:683][  0]LogD3D12RHI: Forcing D3D12.AsyncDeferredDeletion=0 as a workaround for a deadlock on hybrid NVIDIA+Intel systems.
[2019.11.08-04.25.04:684][  0]LogD3D12RHI: Chosen D3D12 Adapter Id = 0
[2019.11.08-04.25.04:690][  0]LogD3D12RHI: Emitting draw events for PIX profiling.
[2019.11.08-04.25.04:780][  0]LogD3D12RHI: D3D12 ray tracing enabled.
[2019.11.08-04.25.04:781][  0]LogD3D12RHI: The system supports ID3D12Device1.
[2019.11.08-04.25.04:781][  0]LogD3D12RHI: The system supports ID3D12Device2.
[2019.11.08-04.25.04:945][  0]LogD3D12RHI: Display: Not using pipeline state disk cache per r.D3D12.PSO.DiskCache=0
[2019.11.08-04.25.04:945][  0]LogD3D12RHI: Display: Not using driver-optimized pipeline state disk cache per r.D3D12.PSO.DriverOptimizedDiskCache=0
[2019.11.08-04.25.04:945][  0]LogD3D12RHI:     GPU DeviceId: 0x1f10 (for the marketing name, search the web for "GPU Device Id")
[2019.11.08-04.25.04:945][  0]LogWindows: EnumDisplayDevices:
[2019.11.08-04.25.04:946][  0]LogWindows:    0. 'Intel(R) UHD Graphics 630' (P:1 D:1)
[2019.11.08-04.25.04:946][  0]LogWindows:    1. 'Intel(R) UHD Graphics 630' (P:0 D:0)
[2019.11.08-04.25.04:947][  0]LogWindows:    2. 'Intel(R) UHD Graphics 630' (P:0 D:0)
[2019.11.08-04.25.04:947][  0]LogWindows:    3. 'NVIDIA GeForce RTX 2070 with Max-Q Design' (P:0 D:0)
[2019.11.08-04.25.04:948][  0]LogWindows:    4. 'NVIDIA GeForce RTX 2070 with Max-Q Design' (P:0 D:0)
[2019.11.08-04.25.04:948][  0]LogWindows:    5. 'NVIDIA GeForce RTX 2070 with Max-Q Design' (P:0 D:0)
[2019.11.08-04.25.04:949][  0]LogWindows:    6. 'NVIDIA GeForce RTX 2070 with Max-Q Design' (P:0 D:0)
[2019.11.08-04.25.04:949][  0]LogWindows: DebugString: PrimaryIsNotTheChoosenAdapter PrimaryIsNotTheChoosenAdapter PrimaryIsNotTheChoosenAdapter FoundDriverCount:4 
[2019.11.08-04.25.04:949][  0]LogD3D12RHI:     Adapter Name: NVIDIA GeForce RTX 2070 with Max-Q Design
[2019.11.08-04.25.04:949][  0]LogD3D12RHI:   Driver Version: 431.86 (internal:26.21.14.3186, unified:431.86)
[2019.11.08-04.25.04:949][  0]LogD3D12RHI:      Driver Date: 8-27-2019
[2019.11.08-04.25.04:949][  0]LogRHI: Texture pool is 4300 MB (70% of 6143 MB)
[2019.11.08-04.25.04:949][  0]LogD3D12RHI: Async texture creation enabled
[2019.11.08-04.25.04:962][  0]LogRendererCore: FGlobalReadBuffer::InitRHI
[2019.11.08-04.25.04:963][  0]LogRendererCore: FGlobalReadBuffer::InitRHI
[2019.11.08-04.25.04:963][  0]LogRendererCore: FGlobalReadBuffer::InitRHI
[2019.11.08-04.25.05:266][  0]LogTemp: Display: Module 'AllDesktopTargetPlatform' loaded TargetPlatform 'AllDesktop'
[2019.11.08-04.25.05:280][  0]LogTemp: Display: Module 'MacClientTargetPlatform' loaded TargetPlatform 'MacClient'
[2019.11.08-04.25.05:293][  0]LogTemp: Display: Module 'MacNoEditorTargetPlatform' loaded TargetPlatform 'MacNoEditor'
[2019.11.08-04.25.05:306][  0]LogTemp: Display: Module 'MacServerTargetPlatform' loaded TargetPlatform 'MacServer'
[2019.11.08-04.25.05:325][  0]LogTemp: Display: Module 'MacTargetPlatform' loaded TargetPlatform 'Mac'
[2019.11.08-04.25.05:341][  0]LogTemp: Display: Module 'WindowsClientTargetPlatform' loaded TargetPlatform 'WindowsClient'
[2019.11.08-04.25.05:357][  0]LogTemp: Display: Module 'WindowsNoEditorTargetPlatform' loaded TargetPlatform 'WindowsNoEditor'
[2019.11.08-04.25.05:374][  0]LogTemp: Display: Module 'WindowsServerTargetPlatform' loaded TargetPlatform 'WindowsServer'
[2019.11.08-04.25.05:381][  0]LogTemp: Display: Module 'WindowsTargetPlatform' loaded TargetPlatform 'Windows'
[2019.11.08-04.25.05:461][  0]LogTemp: Display: Module 'AndroidTargetPlatform' loaded TargetPlatform 'Android'
[2019.11.08-04.25.05:461][  0]LogTemp: Display: Module 'AndroidTargetPlatform' loaded TargetPlatform 'Android_ASTC'
[2019.11.08-04.25.05:461][  0]LogTemp: Display: Module 'AndroidTargetPlatform' loaded TargetPlatform 'Android_ATC'
[2019.11.08-04.25.05:461][  0]LogTemp: Display: Module 'AndroidTargetPlatform' loaded TargetPlatform 'Android_DXT'
[2019.11.08-04.25.05:461][  0]LogTemp: Display: Module 'AndroidTargetPlatform' loaded TargetPlatform 'Android_ETC1'
[2019.11.08-04.25.05:461][  0]LogTemp: Display: Module 'AndroidTargetPlatform' loaded TargetPlatform 'Android_ETC1a'
[2019.11.08-04.25.05:461][  0]LogTemp: Display: Module 'AndroidTargetPlatform' loaded TargetPlatform 'Android_ETC2'
[2019.11.08-04.25.05:461][  0]LogTemp: Display: Module 'AndroidTargetPlatform' loaded TargetPlatform 'Android_PVRTC'
[2019.11.08-04.25.05:461][  0]LogTemp: Display: Module 'AndroidTargetPlatform' loaded TargetPlatform 'AndroidClient'
[2019.11.08-04.25.05:461][  0]LogTemp: Display: Module 'AndroidTargetPlatform' loaded TargetPlatform 'Android_ASTCClient'
[2019.11.08-04.25.05:461][  0]LogTemp: Display: Module 'AndroidTargetPlatform' loaded TargetPlatform 'Android_ATCClient'
[2019.11.08-04.25.05:461][  0]LogTemp: Display: Module 'AndroidTargetPlatform' loaded TargetPlatform 'Android_DXTClient'
[2019.11.08-04.25.05:461][  0]LogTemp: Display: Module 'AndroidTargetPlatform' loaded TargetPlatform 'Android_ETC1Client'
[2019.11.08-04.25.05:461][  0]LogTemp: Display: Module 'AndroidTargetPlatform' loaded TargetPlatform 'Android_ETC1aClient'
[2019.11.08-04.25.05:461][  0]LogTemp: Display: Module 'AndroidTargetPlatform' loaded TargetPlatform 'Android_ETC2Client'
[2019.11.08-04.25.05:461][  0]LogTemp: Display: Module 'AndroidTargetPlatform' loaded TargetPlatform 'Android_PVRTCClient'
[2019.11.08-04.25.05:461][  0]LogTemp: Display: Module 'AndroidTargetPlatform' loaded TargetPlatform 'Android_Multi'
[2019.11.08-04.25.05:461][  0]LogTemp: Display: Module 'AndroidTargetPlatform' loaded TargetPlatform 'Android_MultiClient'
[2019.11.08-04.25.05:465][  0]LogTemp: Display: Module 'HTML5TargetPlatform' loaded TargetPlatform 'HTML5'
[2019.11.08-04.25.05:523][  0]LogTemp: Display: Module 'IOSTargetPlatform' loaded TargetPlatform 'IOSClient'
[2019.11.08-04.25.05:523][  0]LogTemp: Display: Module 'IOSTargetPlatform' loaded TargetPlatform 'IOS'
[2019.11.08-04.25.05:544][  0]LogTemp: Display: Module 'TVOSTargetPlatform' loaded TargetPlatform 'TVOSClient'
[2019.11.08-04.25.05:544][  0]LogTemp: Display: Module 'TVOSTargetPlatform' loaded TargetPlatform 'TVOS'
[2019.11.08-04.25.05:557][  0]LogTemp: Display: Module 'LinuxClientTargetPlatform' loaded TargetPlatform 'LinuxClient'
[2019.11.08-04.25.05:573][  0]LogTemp: Display: Module 'LinuxNoEditorTargetPlatform' loaded TargetPlatform 'LinuxNoEditor'
[2019.11.08-04.25.05:586][  0]LogTemp: Display: Module 'LinuxServerTargetPlatform' loaded TargetPlatform 'LinuxServer'
[2019.11.08-04.25.05:606][  0]LogTemp: Display: Module 'LinuxTargetPlatform' loaded TargetPlatform 'Linux'
[2019.11.08-04.25.05:652][  0]LogTemp: Display: Module 'LuminTargetPlatform' loaded TargetPlatform 'Lumin'
[2019.11.08-04.25.05:652][  0]LogTemp: Display: Module 'LuminTargetPlatform' loaded TargetPlatform 'LuminClient'
[2019.11.08-04.25.05:652][  0]LogTargetPlatformManager: Display: Building Assets For Windows
[2019.11.08-04.25.05:690][  0]LogAudioDebug: Display: Lib vorbis DLL was dynamically loaded.
[2019.11.08-04.25.05:830][  0]LogShaderCompilers: Guid format shader working directory is -45 characters bigger than the processId version (../../../../../../Users/user/Dropbox/Github Repositories/Union-Project2/Proyecto UE4/Union/Intermediate/Shaders/WorkingDirectory/5492/).
[2019.11.08-04.25.05:830][  0]LogShaderCompilers: Cleaned the shader compiler working directory 'C:/Users/user/AppData/Local/Temp/UnrealShaderWorkingDir/F396166D4E088F87892FC5B5FA745A6F/'.
[2019.11.08-04.25.05:833][  0]LogXGEController: Cleaning working directory: C:/Users/user/AppData/Local/Temp/UnrealXGEWorkingDir/
[2019.11.08-04.25.05:833][  0]LogXGEController: Cannot use XGE Controller as Incredibuild is not installed on this machine.
[2019.11.08-04.25.05:833][  0]LogShaderCompilers: Cannot use XGE Shader Compiler as Incredibuild is not installed on this machine.
[2019.11.08-04.25.05:833][  0]LogShaderCompilers: Display: Using Local Shader Compiler.
[2019.11.08-04.25.07:791][  0]LogDerivedDataCache: Display: Max Cache Size: 512 MB
[2019.11.08-04.25.07:876][  0]LogDerivedDataCache: Loaded boot cache 0.08s 88MB C:/Users/user/AppData/Local/UnrealEngine/4.22/DerivedDataCache/Boot.ddc.
[2019.11.08-04.25.07:876][  0]LogDerivedDataCache: Display: Loaded Boot cache: C:/Users/user/AppData/Local/UnrealEngine/4.22/DerivedDataCache/Boot.ddc
[2019.11.08-04.25.07:876][  0]LogDerivedDataCache: FDerivedDataBackendGraph:  Pak pak cache file ../../../../../../Users/user/Dropbox/Github Repositories/Union-Project2/Proyecto UE4/Union/DerivedDataCache/DDC.ddp not found, will not use a pak cache.
[2019.11.08-04.25.07:876][  0]LogDerivedDataCache: Unable to find inner node Pak for hierarchical cache Hierarchy.
[2019.11.08-04.25.07:876][  0]LogDerivedDataCache: FDerivedDataBackendGraph:  CompressedPak pak cache file ../../../../../../Users/user/Dropbox/Github Repositories/Union-Project2/Proyecto UE4/Union/DerivedDataCache/Compressed.ddp not found, will not use a pak cache.
[2019.11.08-04.25.07:876][  0]LogDerivedDataCache: Unable to find inner node CompressedPak for hierarchical cache Hierarchy.
[2019.11.08-04.25.07:893][  0]LogDerivedDataCache: Display: Pak cache opened for reading ../../../Engine/DerivedDataCache/Compressed.ddp.
[2019.11.08-04.25.07:901][  0]LogDerivedDataCache: Display: Pak cache opened for reading ../../../Enterprise/DerivedDataCache/Compressed.ddp.
[2019.11.08-04.25.07:913][  0]LogDerivedDataCache: Using Local data cache path C:/Users/user/AppData/Local/UnrealEngine/Common/DerivedDataCache: Writable
[2019.11.08-04.25.07:913][  0]LogDerivedDataCache: Shared data cache path not found in *engine.ini, will not use an Shared cache.
[2019.11.08-04.25.07:913][  0]LogDerivedDataCache: Unable to find inner node Shared for hierarchical cache Hierarchy.
[2019.11.08-04.25.07:937][  0]LogMaterial: Verifying Global Shaders for PCD3D_SM5
[2019.11.08-04.25.07:942][  0]LogSlate: Using FreeType 2.6.0
[2019.11.08-04.25.07:957][  0]LogSlate: SlateFontServices - WITH_FREETYPE: 1, WITH_HARFBUZZ: 1
[2019.11.08-04.25.08:215][  0]LogAssetRegistry: FAssetRegistry took 0.0334 seconds to start up
[2019.11.08-04.25.08:576][  0]LogInit: Selected Device Profile: [Windows]
[2019.11.08-04.25.08:800][  0]LogMeshReduction: Using QuadricMeshReduction for automatic static mesh reduction
[2019.11.08-04.25.08:800][  0]LogMeshReduction: Using SimplygonMeshReduction for automatic skeletal mesh reduction
[2019.11.08-04.25.08:800][  0]LogMeshReduction: Using ProxyLODMeshReduction for automatic mesh merging
[2019.11.08-04.25.08:800][  0]LogMeshReduction: No distributed automatic mesh merging module available
[2019.11.08-04.25.08:800][  0]LogMeshMerging: No distributed automatic mesh merging module available
[2019.11.08-04.25.08:971][  0]LogNetVersion: Union 1.0.0, NetCL: 5660361, EngineNetVer: 10, GameNetVer: 0 (Checksum: 524765613)
[2019.11.08-04.25.09:973][  0]LogPackageLocalizationCache: Processed 16 localized package path(s) for 1 prioritized culture(s) in 0.078899 seconds
[2019.11.08-04.25.09:981][  0]LogUObjectArray: 42249 objects as part of root set at end of initial load.
[2019.11.08-04.25.09:981][  0]LogUObjectAllocator: 7332712 out of 0 bytes used by permanent object pool.
[2019.11.08-04.25.09:981][  0]LogUObjectArray: CloseDisregardForGC: 0/0 objects in disregard for GC pool
[2019.11.08-04.25.12:332][  0]LogD3D12RHI: Display: Root signature created where the root parameters take up 35 DWORDS. Using more than 12 DWORDs can negatively impact performance depending on the hardware and root parameter usage.
[2019.11.08-04.25.12:378][  0]LogD3D12RHI: Creating RTPSO with 3 shaders (0 cached, 3 new) took 45.89 ms. Compile time 16.09 ms, link time 29.70 ms.
[2019.11.08-04.25.12:950][  0]LogSubstanceCoreModule: Substance [CPU] Engine Loaded, Max Texture Size = 2048
[2019.11.08-04.25.12:966][  0]LogTcpMessaging: Initializing TcpMessaging bridge
[2019.11.08-04.25.12:983][  0]LogUdpMessaging: Initializing bridge on interface 0.0.0.0:0 to multicast group 230.0.0.1:6666.
[2019.11.08-04.25.13:133][  0]SourceControl: Source control is disabled
[2019.11.08-04.25.13:133][  0]SourceControl: Source control is disabled
[2019.11.08-04.25.13:142][  0]SourceControl: Source control is disabled
[2019.11.08-04.25.13:146][  0]SourceControl: Source control is disabled
[2019.11.08-04.25.13:155][  0]LogVSAccessor: Display: Unable to create Visual Studio setup instance: 80040154
[2019.11.08-04.25.13:156][  0]LogVSAccessor: Display: Unable to create Visual Studio setup instance: 80040154
[2019.11.08-04.25.13:451][  0]LogAndroidPermission: UAndroidPermissionCallbackProxy::GetInstance
[2019.11.08-04.25.13:532][  0]LogOcInput: OculusInput pre-init called
[2019.11.08-04.25.16:017][  0]LogWindows: Failed to load 'libalias_api.dll' (GetLastError=126)
[2019.11.08-04.25.16:017][  0]LogWindows: File 'libalias_api.dll' does not exist
[2019.11.08-04.25.16:018][  0]LogWindows: Failed to load 'libalias_api.dll' (GetLastError=126)
[2019.11.08-04.25.16:018][  0]LogWindows: File 'libalias_api.dll' does not exist
[2019.11.08-04.25.16:209][  0]LogEngine: Initializing Engine...
[2019.11.08-04.25.16:211][  0]LogHMD: Failed to initialize OpenVR with code 110
[2019.11.08-04.25.16:213][  0]LogStats: UGameplayTagsManager::InitializeManager -  0.001 s
[2019.11.08-04.25.16:552][  0]LogInit: Initializing FReadOnlyCVARCache
[2019.11.08-04.25.16:590][  0]LogAIModule: Creating AISystem for world Untitled
[2019.11.08-04.25.16:613][  0]LogInit: XAudio2 using '스피커 (3- Realtek(R) Audio)' : 2 channels at 48 kHz using 32 bits per sample (channel mask 0x3)
[2019.11.08-04.25.16:649][  0]LogInit: FAudioDevice initialized.
[2019.11.08-04.25.16:649][  0]LogNetVersion: Set ProjectVersion to 1.0.0.0. Version Checksum will be recalculated on next use.
[2019.11.08-04.25.16:694][  0]LogDerivedDataCache: Saved boot cache 0.05s 88MB C:/Users/user/AppData/Local/UnrealEngine/4.22/DerivedDataCache/Boot.ddc.
[2019.11.08-04.25.16:701][  0]LogInit: Texture streaming: Enabled
[2019.11.08-04.25.16:724][  0]LogEngineSessionManager: EngineSessionManager initialized
[2019.11.08-04.25.16:875][  0]LogInit: Transaction tracking system initialized
[2019.11.08-04.25.16:940][  0]BlueprintLog: New page: Editor Load
[2019.11.08-04.25.17:127][  0]LocalizationService: Localization service is disabled
[2019.11.08-04.25.17:307][  0]LogVSAccessor: Display: Unable to create Visual Studio setup instance: 80040154
[2019.11.08-04.25.17:308][  0]LogVSAccessor: Display: Unable to create Visual Studio setup instance: 80040154
[2019.11.08-04.25.17:804][  0]LogCook: Display: Max memory allowance for cook 16384mb min free memory 0mb
[2019.11.08-04.25.17:804][  0]LogCook: Display: Mobile HDR setting 1
[2019.11.08-04.25.18:510][  0]LogFileCache: Scanning file cache for directory 'C:/Users/user/Dropbox/Github Repositories/Union-Project2/Proyecto UE4/Union/Content/' took 0.05s
[2019.11.08-04.25.19:725][  0]SourceControl: Source control is disabled
[2019.11.08-04.25.19:726][  0]Cmd: MAP LOAD FILE="../../../../../../Users/user/Dropbox/Github Repositories/Union-Project2/Proyecto UE4/Union/Content/Island.umap" TEMPLATE=0 SHOWPROGRESS=1 FEATURELEVEL=3
[2019.11.08-04.25.19:731][  0]LightingResults: New page: Lighting Build
[2019.11.08-04.25.19:741][  0]MapCheck: New page: Map Check
[2019.11.08-04.25.19:741][  0]LightingResults: New page: Lighting Build
[2019.11.08-04.25.19:774][  0]LogUObjectHash: Compacting FUObjectHashTables data took   1.83ms
[2019.11.08-04.25.26:381][  0]LogAIModule: Creating AISystem for world Island
[2019.11.08-04.25.27:838][  0]LogD3D12RHI: Display: Root signature created where the root parameters take up 18 DWORDS. Using more than 12 DWORDs can negatively impact performance depending on the hardware and root parameter usage.
[2019.11.08-04.25.27:838][  0]LogD3D12RHI: Display: Root signature created where the root parameters take up 18 DWORDS. Using more than 12 DWORDs can negatively impact performance depending on the hardware and root parameter usage.
[2019.11.08-04.25.27:838][  0]LogD3D12RHI: Display: Root signature created where the root parameters take up 18 DWORDS. Using more than 12 DWORDs can negatively impact performance depending on the hardware and root parameter usage.
[2019.11.08-04.25.27:838][  0]LogD3D12RHI: Display: Root signature created where the root parameters take up 16 DWORDS. Using more than 12 DWORDs can negatively impact performance depending on the hardware and root parameter usage.
[2019.11.08-04.25.27:838][  0]LogD3D12RHI: Display: Root signature created where the root parameters take up 18 DWORDS. Using more than 12 DWORDs can negatively impact performance depending on the hardware and root parameter usage.
[2019.11.08-04.25.27:838][  0]LogD3D12RHI: Display: Root signature created where the root parameters take up 18 DWORDS. Using more than 12 DWORDs can negatively impact performance depending on the hardware and root parameter usage.
[2019.11.08-04.25.27:838][  0]LogD3D12RHI: Display: Root signature created where the root parameters take up 18 DWORDS. Using more than 12 DWORDs can negatively impact performance depending on the hardware and root parameter usage.
[2019.11.08-04.25.27:842][  0]LogEditorServer: Finished looking for orphan Actors (0.000 secs)
[2019.11.08-04.25.27:870][  0]LogUObjectHash: Compacting FUObjectHashTables data took   2.16ms
[2019.11.08-04.25.27:870][  0]Cmd: MAP CHECKDEP NOCLEARLOG
[2019.11.08-04.25.27:871][  0]MapCheck: Map check complete: 0 Error(s), 0 Warning(s), took 0.143ms to complete.
[2019.11.08-04.25.27:871][  0]LogFileHelpers: Loading map 'Island' took 8.145
[2019.11.08-04.25.28:035][  0]LogSlate: Updating window title bar state: overlay mode, drag disabled, window buttons hidden, title bar hidden
[2019.11.08-04.25.28:042][  0]LogSlate: Updating window title bar state: overlay mode, drag disabled, window buttons hidden, title bar hidden
[2019.11.08-04.25.28:049][  0]LogSlate: Updating window title bar state: overlay mode, drag disabled, window buttons hidden, title bar hidden
[2019.11.08-04.25.28:056][  0]LogSlate: Updating window title bar state: overlay mode, drag disabled, window buttons hidden, title bar hidden
[2019.11.08-04.25.28:074][  0]LogCollectionManager: Loaded 0 collections in 0.001630 seconds
[2019.11.08-04.25.28:117][  0]LogFileCache: Scanning file cache for directory 'C:/Users/user/Dropbox/Github Repositories/Union-Project2/Proyecto UE4/Union/Saved/Collections/' took 0.01s
[2019.11.08-04.25.28:117][  0]LogFileCache: Scanning file cache for directory 'C:/Users/user/Dropbox/Github Repositories/Union-Project2/Proyecto UE4/Union/Content/Developers/user/Collections/' took 0.01s
[2019.11.08-04.25.28:117][  0]LogFileCache: Scanning file cache for directory 'C:/Users/user/Dropbox/Github Repositories/Union-Project2/Proyecto UE4/Union/Content/Collections/' took 0.00s
[2019.11.08-04.25.28:117][  0]LogCollectionManager: Rebuilt the GUID cache for 0 collections in 0.000001 seconds
[2019.11.08-04.25.28:128][  0]LogContentBrowser: Native class hierarchy populated in 0.0083 seconds. Added 2879 classes and 735 folders.
[2019.11.08-04.25.28:140][  0]LogContentBrowser: Native class hierarchy updated for 'WidgetCarousel' in 0.0002 seconds. Added 0 classes and 0 folders.
[2019.11.08-04.25.28:151][  0]LogPakFile: Registered encryption key '00000000000000000000000000000000': 0 pak files mounted, 0 remain pending
[2019.11.08-04.25.28:158][  0]LogPakFile: Registered encryption key '00000000000000000000000000000000': 0 pak files mounted, 0 remain pending
[2019.11.08-04.25.28:171][  0]LogPakFile: Registered encryption key '00000000000000000000000000000000': 0 pak files mounted, 0 remain pending
[2019.11.08-04.25.28:176][  0]LogPakFile: Registered encryption key '00000000000000000000000000000000': 0 pak files mounted, 0 remain pending
[2019.11.08-04.25.28:181][  0]LogPakFile: Registered encryption key '00000000000000000000000000000000': 0 pak files mounted, 0 remain pending
[2019.11.08-04.25.28:185][  0]LogPakFile: Registered encryption key '00000000000000000000000000000000': 0 pak files mounted, 0 remain pending
[2019.11.08-04.25.28:190][  0]LogPakFile: Registered encryption key '00000000000000000000000000000000': 0 pak files mounted, 0 remain pending
[2019.11.08-04.25.28:195][  0]LogPakFile: Registered encryption key '00000000000000000000000000000000': 0 pak files mounted, 0 remain pending
[2019.11.08-04.25.28:201][  0]LogPakFile: Registered encryption key '00000000000000000000000000000000': 0 pak files mounted, 0 remain pending
[2019.11.08-04.25.28:207][  0]LogPakFile: Registered encryption key '00000000000000000000000000000000': 0 pak files mounted, 0 remain pending
[2019.11.08-04.25.28:212][  0]LogPakFile: Registered encryption key '00000000000000000000000000000000': 0 pak files mounted, 0 remain pending
[2019.11.08-04.25.28:217][  0]LogPakFile: Registered encryption key '00000000000000000000000000000000': 0 pak files mounted, 0 remain pending
[2019.11.08-04.25.28:223][  0]LogPakFile: Registered encryption key '00000000000000000000000000000000': 0 pak files mounted, 0 remain pending
[2019.11.08-04.25.28:230][  0]LogPakFile: Registered encryption key '00000000000000000000000000000000': 0 pak files mounted, 0 remain pending
[2019.11.08-04.25.28:235][  0]LogPakFile: Registered encryption key '00000000000000000000000000000000': 0 pak files mounted, 0 remain pending
[2019.11.08-04.25.28:240][  0]LogPakFile: Registered encryption key '00000000000000000000000000000000': 0 pak files mounted, 0 remain pending
[2019.11.08-04.25.28:263][  0]LogPakFile: Registered encryption key '00000000000000000000000000000000': 0 pak files mounted, 0 remain pending
[2019.11.08-04.25.28:269][  0]LogPakFile: Registered encryption key '00000000000000000000000000000000': 0 pak files mounted, 0 remain pending
[2019.11.08-04.25.28:274][  0]LogPakFile: Registered encryption key '00000000000000000000000000000000': 0 pak files mounted, 0 remain pending
[2019.11.08-04.25.28:279][  0]LogPakFile: Registered encryption key '00000000000000000000000000000000': 0 pak files mounted, 0 remain pending
[2019.11.08-04.25.28:286][  0]LogPakFile: Registered encryption key '00000000000000000000000000000000': 0 pak files mounted, 0 remain pending
[2019.11.08-04.25.28:290][  0]LogPakFile: Registered encryption key '00000000000000000000000000000000': 0 pak files mounted, 0 remain pending
[2019.11.08-04.25.28:295][  0]LogPakFile: Registered encryption key '00000000000000000000000000000000': 0 pak files mounted, 0 remain pending
[2019.11.08-04.25.28:300][  0]LogPakFile: Registered encryption key '00000000000000000000000000000000': 0 pak files mounted, 0 remain pending
[2019.11.08-04.25.28:306][  0]LogPakFile: Registered encryption key '00000000000000000000000000000000': 0 pak files mounted, 0 remain pending
[2019.11.08-04.25.28:311][  0]LogPakFile: Registered encryption key '00000000000000000000000000000000': 0 pak files mounted, 0 remain pending
[2019.11.08-04.25.28:316][  0]LogPakFile: Registered encryption key '00000000000000000000000000000000': 0 pak files mounted, 0 remain pending
[2019.11.08-04.25.28:321][  0]LogPakFile: Registered encryption key '00000000000000000000000000000000': 0 pak files mounted, 0 remain pending
[2019.11.08-04.25.28:490][  0]LogContentBrowser: Native class hierarchy updated for 'AddContentDialog' in 0.0003 seconds. Added 0 classes and 0 folders.
[2019.11.08-04.25.28:496][  0]LogContentBrowser: Native class hierarchy updated for 'SceneOutliner' in 0.0003 seconds. Added 1 classes and 0 folders.
[2019.11.08-04.25.29:002][  0]LogSlate: Took 0.006313 seconds to synchronously load lazily loaded font '../../../Engine/Content/Slate/Fonts/Roboto-Regular.ttf' (155K)
[2019.11.08-04.25.29:008][  0]LogSlate: Took 0.004777 seconds to synchronously load lazily loaded font '../../../Engine/Content/Slate/Fonts/Roboto-Bold.ttf' (160K)
[2019.11.08-04.25.29:018][  0]LogSlate: Took 0.005408 seconds to synchronously load lazily loaded font '../../../Engine/Content/Editor/Slate/Fonts/FontAwesome.ttf' (139K)
[2019.11.08-04.25.29:157][  0]LogRenderer: Reallocating scene render targets to support 1144x572 Format 10 NumSamples 1 (Frame:1).
[2019.11.08-04.25.29:221][  0]LogStaticMesh: Allocated 512x496x128 distance field atlas = 62.0Mb, with 83 objects containing 49.9Mb backing data
[2019.11.08-04.25.29:268][  0]LogD3D12RHI: Display: Root signature created where the root parameters take up 19 DWORDS. Using more than 12 DWORDs can negatively impact performance depending on the hardware and root parameter usage.
[2019.11.08-04.25.29:270][  0]LogD3D12RHI: Display: Root signature created where the root parameters take up 21 DWORDS. Using more than 12 DWORDs can negatively impact performance depending on the hardware and root parameter usage.
[2019.11.08-04.25.29:278][  0]LogD3D12RHI: Display: Root signature created where the root parameters take up 17 DWORDS. Using more than 12 DWORDs can negatively impact performance depending on the hardware and root parameter usage.
[2019.11.08-04.25.29:284][  0]LogD3D12RHI: Display: Root signature created where the root parameters take up 18 DWORDS. Using more than 12 DWORDs can negatively impact performance depending on the hardware and root parameter usage.
[2019.11.08-04.25.29:289][  0]LogD3D12RHI: Display: Root signature created where the root parameters take up 24 DWORDS. Using more than 12 DWORDs can negatively impact performance depending on the hardware and root parameter usage.
[2019.11.08-04.25.29:524][  0]LogD3D12RHI: Creating RTPSO with 42 shaders (0 cached, 42 new) took 216.67 ms. Compile time 199.79 ms, link time 16.78 ms.
[2019.11.08-04.25.29:555][  0]LogD3D12RHI: Display: Root signature created where the root parameters take up 13 DWORDS. Using more than 12 DWORDs can negatively impact performance depending on the hardware and root parameter usage.
[2019.11.08-04.25.29:557][  0]LogD3D12RHI: Display: Root signature created where the root parameters take up 21 DWORDS. Using more than 12 DWORDs can negatively impact performance depending on the hardware and root parameter usage.
[2019.11.08-04.25.29:561][  0]LogD3D12RHI: Display: Root signature created where the root parameters take up 19 DWORDS. Using more than 12 DWORDs can negatively impact performance depending on the hardware and root parameter usage.
[2019.11.08-04.25.29:565][  0]LogD3D12RHI: Display: Root signature created where the root parameters take up 26 DWORDS. Using more than 12 DWORDs can negatively impact performance depending on the hardware and root parameter usage.
[2019.11.08-04.25.29:574][  0]LogD3D12RHI: Display: Root signature created where the root parameters take up 20 DWORDS. Using more than 12 DWORDs can negatively impact performance depending on the hardware and root parameter usage.
[2019.11.08-04.25.29:585][  0]LogD3D12RHI: Display: Root signature created where the root parameters take up 17 DWORDS. Using more than 12 DWORDs can negatively impact performance depending on the hardware and root parameter usage.
[2019.11.08-04.25.29:618][  0]LogD3D12RHI: Display: Root signature created where the root parameters take up 13 DWORDS. Using more than 12 DWORDs can negatively impact performance depending on the hardware and root parameter usage.
[2019.11.08-04.25.29:642][  0]LogD3D12RHI: Display: Root signature created where the root parameters take up 27 DWORDS. Using more than 12 DWORDs can negatively impact performance depending on the hardware and root parameter usage.
[2019.11.08-04.25.29:648][  0]LogD3D12RHI: Display: Root signature created where the root parameters take up 19 DWORDS. Using more than 12 DWORDs can negatively impact performance depending on the hardware and root parameter usage.
[2019.11.08-04.25.29:651][  0]LogD3D12RHI: Display: Root signature created where the root parameters take up 23 DWORDS. Using more than 12 DWORDs can negatively impact performance depending on the hardware and root parameter usage.
[2019.11.08-04.25.29:657][  0]LogD3D12RHI: Display: Root signature created where the root parameters take up 13 DWORDS. Using more than 12 DWORDs can negatively impact performance depending on the hardware and root parameter usage.
[2019.11.08-04.25.29:666][  0]LogD3D12RHI: Display: Root signature created where the root parameters take up 15 DWORDS. Using more than 12 DWORDs can negatively impact performance depending on the hardware and root parameter usage.
[2019.11.08-04.25.29:670][  0]LogD3D12RHI: Display: Root signature created where the root parameters take up 21 DWORDS. Using more than 12 DWORDs can negatively impact performance depending on the hardware and root parameter usage.
[2019.11.08-04.25.29:679][  0]LogD3D12RHI: Display: Root signature created where the root parameters take up 35 DWORDS. Using more than 12 DWORDs can negatively impact performance depending on the hardware and root parameter usage.
[2019.11.08-04.25.29:706][  0]LogD3D12RHI: Display: Root signature created where the root parameters take up 25 DWORDS. Using more than 12 DWORDs can negatively impact performance depending on the hardware and root parameter usage.
[2019.11.08-04.25.29:713][  0]LogD3D12RHI: Display: Root signature created where the root parameters take up 21 DWORDS. Using more than 12 DWORDs can negatively impact performance depending on the hardware and root parameter usage.
[2019.11.08-04.25.29:800][  0]LogD3D12RHI: Display: Root signature created where the root parameters take up 15 DWORDS. Using more than 12 DWORDs can negatively impact performance depending on the hardware and root parameter usage.
[2019.11.08-04.25.29:858][  0]LogD3D12RHI: Display: Root signature created where the root parameters take up 13 DWORDS. Using more than 12 DWORDs can negatively impact performance depending on the hardware and root parameter usage.
[2019.11.08-04.25.29:861][  0]LogD3D12RHI: Display: Root signature created where the root parameters take up 19 DWORDS. Using more than 12 DWORDs can negatively impact performance depending on the hardware and root parameter usage.
[2019.11.08-04.25.29:877][  0]LogD3D12RHI: Display: Root signature created where the root parameters take up 15 DWORDS. Using more than 12 DWORDs can negatively impact performance depending on the hardware and root parameter usage.
[2019.11.08-04.25.29:982][  0]LogSlate: Took 0.005154 seconds to synchronously load lazily loaded font '../../../Engine/Content/Slate/Fonts/Roboto-Light.ttf' (167K)
[2019.11.08-04.25.30:130][  0]LogD3D12RHI: Display: Root signature created where the root parameters take up 17 DWORDS. Using more than 12 DWORDs can negatively impact performance depending on the hardware and root parameter usage.
[2019.11.08-04.25.30:133][  0]LogD3D12RHI: Display: Root signature created where the root parameters take up 29 DWORDS. Using more than 12 DWORDs can negatively impact performance depending on the hardware and root parameter usage.
[2019.11.08-04.25.30:140][  0]LogD3D12RHI: Display: Root signature created where the root parameters take up 21 DWORDS. Using more than 12 DWORDs can negatively impact performance depending on the hardware and root parameter usage.
[2019.11.08-04.25.30:145][  0]LogD3D12RHI: Display: Root signature created where the root parameters take up 23 DWORDS. Using more than 12 DWORDs can negatively impact performance depending on the hardware and root parameter usage.
[2019.11.08-04.25.30:153][  0]LogD3D12RHI: Display: Root signature created where the root parameters take up 15 DWORDS. Using more than 12 DWORDs can negatively impact performance depending on the hardware and root parameter usage.
[2019.11.08-04.25.30:154][  0]LogD3D12RHI: Display: Root signature created where the root parameters take up 23 DWORDS. Using more than 12 DWORDs can negatively impact performance depending on the hardware and root parameter usage.
[2019.11.08-04.25.30:212][  0]LogContentBrowser: Native class hierarchy updated for 'HierarchicalLODOutliner' in 0.0003 seconds. Added 0 classes and 0 folders.
[2019.11.08-04.25.30:212][  0]LogLoad: (Engine Initialization) Total time: 34.58 seconds
[2019.11.08-04.25.30:212][  0]LogLoad: (Engine Initialization) Total Blueprint compile time: 0.00 seconds
[2019.11.08-04.25.30:279][  0]LogAssetRegistry: Asset discovery search completed in 22.0863 seconds
[2019.11.08-04.25.30:285][  0]LogCollectionManager: Rebuilt the object cache for 0 collections in 0.000000 seconds (found 0 objects)
[2019.11.08-04.25.30:285][  0]LogCollectionManager: Fixed up redirectors for 0 collections in 0.000075 seconds (updated 0 objects)
[2019.11.08-04.25.30:290][  0]LogContentStreaming: Texture pool size now 3000 MB
[2019.11.08-04.25.30:352][  1]LogSubstanceLiveLink: Warning: Unable to send data along socket, closing connection
[2019.11.08-04.25.35:571][ 16]LogFileCache: Retrieving MD5 hashes for directory 'C:/Users/user/Dropbox/Github Repositories/Union-Project2/Proyecto UE4/Union/Content/' took 5.33s
[2019.11.08-04.25.56:726][ 82]LogD3D12RHI: Creating RTPSO with 42 shaders (42 cached, 0 new) took 12.48 ms. Compile time 0.00 ms, link time 12.40 ms.
[2019.11.08-04.25.56:759][ 82]LogD3D12RHI: Display: Root signature created where the root parameters take up 17 DWORDS. Using more than 12 DWORDs can negatively impact performance depending on the hardware and root parameter usage.
[2019.11.08-04.25.56:759][ 82]LogD3D12RHI: Display: Root signature created where the root parameters take up 39 DWORDS. Using more than 12 DWORDs can negatively impact performance depending on the hardware and root parameter usage.
[2019.11.08-04.25.56:759][ 82]LogD3D12RHI: Display: Root signature created where the root parameters take up 27 DWORDS. Using more than 12 DWORDs can negatively impact performance depending on the hardware and root parameter usage.
[2019.11.08-04.25.56:759][ 82]LogD3D12RHI: Display: Root signature created where the root parameters take up 29 DWORDS. Using more than 12 DWORDs can negatively impact performance depending on the hardware and root parameter usage.
[2019.11.08-04.25.56:787][ 82]LogD3D12RHI: Display: Root signature created where the root parameters take up 25 DWORDS. Using more than 12 DWORDs can negatively impact performance depending on the hardware and root parameter usage.
[2019.11.08-04.25.56:807][ 82]LogD3D12RHI: Display: Root signature created where the root parameters take up 23 DWORDS. Using more than 12 DWORDs can negatively impact performance depending on the hardware and root parameter usage.
[2019.11.08-04.25.58:836][135]LogSlate: FSceneViewport::OnFocusLost() reason 0
[2019.11.08-07.33.49:372][182]LogSlate: FSceneViewport::OnFocusLost() reason 0
[2019.11.08-08.21.21:144][ 27]LogSlate: FSceneViewport::OnFocusLost() reason 0
[2019.11.08-08.21.21:153][ 27]LogSlate: Took 0.007467 seconds to synchronously load lazily loaded font '../../../Engine/Content/Slate/Fonts/DroidSansMono.ttf' (77K)
[2019.11.08-08.21.21:199][ 27]LogSlate: Took 0.009022 seconds to synchronously load lazily loaded font '../../../Engine/Content/Slate/Fonts/DroidSansFallback.ttf' (3848K)
[2019.11.08-08.46.04:746][346]LogUObjectGlobals: Warning: Failed to find object 'Object None.'
[2019.11.08-08.46.04:746][346]LogUObjectGlobals: Warning: Failed to find object 'Object None.'
[2019.11.08-08.46.05:069][357]LogSlate: Took 0.000136 seconds to synchronously load lazily loaded font '../../../Engine/Content/Slate/Fonts/Roboto-Light.ttf' (167K)
[2019.11.08-08.46.05:738][390]LogAssetEditorManager: Opening Asset editor for LevelScriptBlueprint /Game/Island.Island:PersistentLevel.Island
[2019.11.08-08.46.06:133][390]LogContentBrowser: Native class hierarchy updated for 'BlueprintGraph' in 0.0006 seconds. Added 121 classes and 0 folders.
[2019.11.08-08.46.06:804][390]LogSlate: Took 0.004280 seconds to synchronously load lazily loaded font '../../../Engine/Content/Slate/Fonts/Roboto-BoldCondensed.ttf' (158K)
[2019.11.08-08.46.43:302][317]LogTemp: Repeating last play command: Standalone Game
[2019.11.08-08.46.43:351][317]LogUObjectHash: Compacting FUObjectHashTables data took   2.64ms
[2019.11.08-08.47.06:003][430]LogUObjectGlobals: Warning: Failed to find object 'Object None.'
[2019.11.08-08.47.06:003][430]LogUObjectGlobals: Warning: Failed to find object 'Object None.'
[2019.11.08-08.47.16:057][756]LogTemp: Repeating last play command: Standalone Game
[2019.11.08-08.47.16:105][756]LogUObjectHash: Compacting FUObjectHashTables data took   0.68ms
[2019.11.08-08.48.09:670][944]LogD3D12RHI: Error: pResource->Map(Subresource, pReadRange, reinterpret_cast<void**>(&pData)) failed 
 at d:\build\++ue4\sync\engine\source\runtime\d3d12rhi\private\D3D12RHIPrivate.h:1131 
 with error DXGI_ERROR_DEVICE_REMOVED
[2019.11.08-08.48.09:671][944]LogD3D12RHI: Error: pResource->Map(Subresource, pReadRange, reinterpret_cast<void**>(&pData)) failed 
 at d:\build\++ue4\sync\engine\source\runtime\d3d12rhi\private\D3D12RHIPrivate.h:1131 
 with error DXGI_ERROR_DEVICE_REMOVED
[2019.11.08-08.48.19:255][944]LogWindows: FPlatformMisc::RequestExit(1)
[2019.11.08-08.48.19:259][944]Log file closed, 11/08/19 17:48:19
